#
# A fatal error has been detected by the Java Runtime Environment:
#
#  SIGSEGV (0xb) at pc=0x0000000109510b44, pid=2493, tid=0x000000000000a807
#
# JRE version: OpenJDK Runtime Environment (8.0_242) (build 1.8.0_242-release-1644-b3-6222593)
# Java VM: OpenJDK 64-Bit Server VM (25.242-b3-6222593 mixed mode bsd-amd64 compressed oops)
# Problematic frame:
# j  com.google.common.collect.FluentIterable$3$1.<init>(Lcom/google/common/collect/FluentIterable$3;I)V+0
#
# Failed to write core dump. Core dumps have been disabled. To enable core dumping, try "ulimit -c unlimited" before starting Java again
#
# If you would like to submit a bug report, please visit:
#   http://bugreport.java.com/bugreport/crash.jsp
#

---------------  T H R E A D  ---------------

Current thread (0x00007f974a074800):  JavaThread "Daemon worker Thread 2" [_thread_in_Java, id=43015, stack(0x000070000de2c000,0x000070000df2c000)]

siginfo: si_signo: 11 (SIGSEGV), si_code: 1 (SEGV_MAPERR), si_addr: 0x0000000f61633c70

Registers:
RAX=0x00000000f41eb886, RBX=0x00000007c06d7828, RCX=0x00000007a0f5c448, RDX=0x0000000000000000
RSP=0x000070000df28f48, RBP=0x000070000df28f88, RSI=0x00000000f80d4b12, RDI=0x00000007a0f5c430
R8 =0x00000000f41eb801, R9 =0x0000000000000001, R10=0x0000000108231300, R11=0x00000001095f5100
R12=0x0000000000000000, R13=0x0000000120ead252, R14=0x000070000df28fa8, R15=0x00007f974a074800
RIP=0x0000000109510b44, EFLAGS=0x0000000000010202, ERR=0x0000000000000006
  TRAPNO=0x000000000000000e

Top of Stack: (sp=0x000070000df28f48)
0x000070000df28f48:   000070000df28f48 0000000120ead250
0x000070000df28f58:   000070000df28fa8 0000000120ebd478
0x000070000df28f68:   0000000000000000 0000000120ead288
0x000070000df28f78:   0000000000000000 000070000df28f98
0x000070000df28f88:   000070000df28ff8 00000001094f0ffd
0x000070000df28f98:   0000000000000004 00000007a0f5c430
0x000070000df28fa8:   00000007a0f5c448 00000007a0f5c448
0x000070000df28fb8:   000070000df28fb8 000000011f2d3f52
0x000070000df28fc8:   000070000df29008 000000011f2d4ea8
0x000070000df28fd8:   0000000000000000 000000011f2d3f70
0x000070000df28fe8:   000070000df28f98 000070000df29008
0x000070000df28ff8:   000070000df29050 00000001094f0e54
0x000070000df29008:   00000007a0f5c430 000070000df29010
0x000070000df29018:   0000000120d111b0 000070000df290d8
0x000070000df29028:   0000000120d15768 0000000000000000
0x000070000df29038:   0000000120d11480 000070000df29008
0x000070000df29048:   000070000df290d8 000070000df29120
0x000070000df29058:   00000001094f0ffd 0000000000000000
0x000070000df29068:   0000000000000000 0000000000000000
0x000070000df29078:   0000000000000000 0000000000000000
0x000070000df29088:   0000000000000000 00000007a0378e90
0x000070000df29098:   0000000000000000 00000007a0f5bf50
0x000070000df290a8:   00000007a0f5c200 00000007a0f5c198
0x000070000df290b8:   00000007a0f5c130 00000007a0f5bf80
0x000070000df290c8:   0000000000000001 00000007a0f5bee8
0x000070000df290d8:   00000007a78fd078 000070000df290e0
0x000070000df290e8:   0000000120d0b85a 000070000df29130
0x000070000df290f8:   0000000120d0c790 0000000000000000
0x000070000df29108:   0000000120d0b888 000070000df290d8
0x000070000df29118:   000070000df29130 000070000df29178
0x000070000df29128:   00000001094f0ffd 00000007a7843d38
0x000070000df29138:   000070000df29138 0000000120d0a861 

Instructions: (pc=0x0000000109510b44)
0x0000000109510b24:   5d 01 48 8b 4d d8 c1 e3 02 8b 54 d9 28 48 8b 5c
0x0000000109510b34:   d9 20 c1 ea 15 83 e2 01 59 48 3b 01 48 c1 e8 03
0x0000000109510b44:   89 04 19 48 c1 e9 09 49 ba 00 20 20 05 01 00 00
0x0000000109510b54:   00 41 c6 04 0a 00 85 d2 0f 84 05 00 00 00 f0 83 

Register to memory mapping:

RAX=0x00000000f41eb886 is an unknown value
RBX=0x00000007c06d7828 is pointing into metadata
RCX=0x00000007a0f5c448 is an oop
com.google.common.collect.FluentIterable$3$1 
 - klass: 'com/google/common/collect/FluentIterable$3$1'
RDX=0x0000000000000000 is an unknown value
RSP=0x000070000df28f48 is pointing into the stack for thread: 0x00007f974a074800
RBP=0x000070000df28f88 is pointing into the stack for thread: 0x00007f974a074800
RSI=0x00000000f80d4b12 is an unknown value
RDI=0x00000007a0f5c430 is an oop
com.google.common.collect.FluentIterable$3 
 - klass: 'com/google/common/collect/FluentIterable$3'
R8 =0x00000000f41eb801 is an unknown value
R9 =0x0000000000000001 is an unknown value
R10=0x0000000108231300: _ZN19TemplateInterpreter13_active_tableE+0x4000 in /Applications/Android Studio.app/Contents/jre/jdk/Contents/Home/jre/lib/server/libjvm.dylib at 0x0000000107a00000
R11=0x00000001095f5100 is at entry_point+32 in (nmethod*)0x00000001095f4f90
R12=0x0000000000000000 is an unknown value
R13=0x0000000120ead252 is pointing into metadata
R14=0x000070000df28fa8 is pointing into the stack for thread: 0x00007f974a074800
R15=0x00007f974a074800 is a thread


Stack: [0x000070000de2c000,0x000070000df2c000],  sp=0x000070000df28f48,  free space=1011k
Native frames: (J=compiled Java code, j=interpreted, Vv=VM code, C=native code)
j  com.google.common.collect.FluentIterable$3$1.<init>(Lcom/google/common/collect/FluentIterable$3;I)V+0
j  com.google.common.collect.FluentIterable$3.iterator()Ljava/util/Iterator;+10
j  org.gradle.execution.plan.DefaultExecutionPlan.determineExecutionPlan()V+184
j  org.gradle.execution.taskgraph.DefaultTaskExecutionGraph.ensurePopulated()V+50
j  org.gradle.execution.taskgraph.DefaultTaskExecutionGraph.populate()V+1
j  org.gradle.initialization.DefaultTaskExecutionPreparer.prepareForTaskExecution(Lorg/gradle/api/internal/GradleInternal;)V+18
j  org.gradle.initialization.BuildOperatingFiringTaskExecutionPreparer$CalculateTaskGraph.populateTaskGraph()Lorg/gradle/execution/taskgraph/TaskExecutionGraphInternal;+11
j  org.gradle.initialization.BuildOperatingFiringTaskExecutionPreparer$CalculateTaskGraph.run(Lorg/gradle/internal/operations/BuildOperationContext;)V+1
J 4484 C1 org.gradle.internal.operations.DefaultBuildOperationExecutor$RunnableBuildOperationWorker.execute(Lorg/gradle/internal/operations/BuildOperation;Lorg/gradle/internal/operations/BuildOperationContext;)V (10 bytes) @ 0x000000010a2dacbc [0x000000010a2daa60+0x25c]
J 4976 C1 org.gradle.internal.operations.DefaultBuildOperationExecutor$1.execute(Lorg/gradle/internal/operations/BuildOperationDescriptor;Lorg/gradle/internal/operations/DefaultBuildOperationExecutor$DefaultBuildOperationContext;Lorg/gradle/internal/operations/DefaultBuildOperationExecutor$BuildOperationExecutionListener;)Lorg/gradle/internal/operations/BuildOperation; (82 bytes) @ 0x000000010a4112bc [0x000000010a411140+0x17c]
J 4971 C1 org.gradle.internal.operations.DefaultBuildOperationExecutor.execute(Lorg/gradle/internal/operations/BuildOperationDescriptor$Builder;Lorg/gradle/internal/operations/DefaultBuildOperationExecutor$BuildOperationState;Lorg/gradle/internal/operations/DefaultBuildOperationExecutor$BuildOperationExecution;)Lorg/gradle/internal/operations/BuildOperation; (111 bytes) @ 0x000000010a40c84c [0x000000010a40b8c0+0xf8c]
J 5048 C1 org.gradle.internal.operations.DefaultBuildOperationExecutor.run(Lorg/gradle/internal/operations/RunnableBuildOperation;)V (28 bytes) @ 0x000000010a43fdcc [0x000000010a43f7c0+0x60c]
J 9906 C1 org.gradle.internal.operations.DelegatingBuildOperationExecutor.run(Lorg/gradle/internal/operations/RunnableBuildOperation;)V (11 bytes) @ 0x000000010aefed8c [0x000000010aefec80+0x10c]
j  org.gradle.initialization.BuildOperatingFiringTaskExecutionPreparer.prepareForTaskExecution(Lorg/gradle/api/internal/GradleInternal;)V+13
j  org.gradle.initialization.DefaultGradleLauncher.prepareTaskExecution()V+18
j  org.gradle.initialization.DefaultGradleLauncher.doClassicBuildStages(Lorg/gradle/initialization/DefaultGradleLauncher$Stage;)V+25
j  org.gradle.initialization.DefaultGradleLauncher.doBuildStages(Lorg/gradle/initialization/DefaultGradleLauncher$Stage;)V+45
j  org.gradle.initialization.DefaultGradleLauncher.executeTasks()Lorg/gradle/api/internal/GradleInternal;+4
j  org.gradle.internal.invocation.GradleBuildController$1.execute(Lorg/gradle/initialization/GradleLauncher;)V+1
j  org.gradle.internal.invocation.GradleBuildController$1.execute(Ljava/lang/Object;)V+5
j  org.gradle.internal.invocation.GradleBuildController$3.create()Lorg/gradle/api/internal/GradleInternal;+31
j  org.gradle.internal.invocation.GradleBuildController$3.create()Ljava/lang/Object;+1
j  org.gradle.internal.work.DefaultWorkerLeaseService.withLocks(Ljava/lang/Iterable;Lorg/gradle/internal/Factory;)Ljava/lang/Object;+26
j  org.gradle.internal.work.StopShieldingWorkerLeaseService.withLocks(Ljava/lang/Iterable;Lorg/gradle/internal/Factory;)Ljava/lang/Object;+6
j  org.gradle.internal.invocation.GradleBuildController.doBuild(Lorg/gradle/api/internal/GradleInternal$BuildType;Lorg/gradle/api/Action;)Lorg/gradle/api/internal/GradleInternal;+26
j  org.gradle.internal.invocation.GradleBuildController.run()Lorg/gradle/api/internal/GradleInternal;+12
j  org.gradle.tooling.internal.provider.ExecuteBuildActionRunner.run(Lorg/gradle/internal/invocation/BuildAction;Lorg/gradle/internal/invocation/BuildController;)Lorg/gradle/internal/invocation/BuildActionRunner$Result;+12
j  org.gradle.launcher.exec.ChainingBuildActionRunner.run(Lorg/gradle/internal/invocation/BuildAction;Lorg/gradle/internal/invocation/BuildController;)Lorg/gradle/internal/invocation/BuildActionRunner$Result;+34
j  org.gradle.launcher.exec.BuildOutcomeReportingBuildActionRunner.run(Lorg/gradle/internal/invocation/BuildAction;Lorg/gradle/internal/invocation/BuildController;)Lorg/gradle/internal/invocation/BuildActionRunner$Result;+143
j  org.gradle.tooling.internal.provider.ValidatingBuildActionRunner.run(Lorg/gradle/internal/invocation/BuildAction;Lorg/gradle/internal/invocation/BuildController;)Lorg/gradle/internal/invocation/BuildActionRunner$Result;+6
j  org.gradle.launcher.exec.BuildCompletionNotifyingBuildActionRunner.run(Lorg/gradle/internal/invocation/BuildAction;Lorg/gradle/internal/invocation/BuildController;)Lorg/gradle/internal/invocation/BuildActionRunner$Result;+28
j  org.gradle.launcher.exec.RunAsBuildOperationBuildActionRunner$3.call(Lorg/gradle/internal/operations/BuildOperationContext;)Lorg/gradle/internal/invocation/BuildActionRunner$Result;+95
j  org.gradle.launcher.exec.RunAsBuildOperationBuildActionRunner$3.call(Lorg/gradle/internal/operations/BuildOperationContext;)Ljava/lang/Object;+2
J 7359 C1 org.gradle.internal.operations.DefaultBuildOperationExecutor$CallableBuildOperationWorker.execute(Lorg/gradle/internal/operations/BuildOperation;Lorg/gradle/internal/operations/BuildOperationContext;)V (10 bytes) @ 0x00000001099b6e74 [0x00000001099b6c20+0x254]
J 4976 C1 org.gradle.internal.operations.DefaultBuildOperationExecutor$1.execute(Lorg/gradle/internal/operations/BuildOperationDescriptor;Lorg/gradle/internal/operations/DefaultBuildOperationExecutor$DefaultBuildOperationContext;Lorg/gradle/internal/operations/DefaultBuildOperationExecutor$BuildOperationExecutionListener;)Lorg/gradle/internal/operations/BuildOperation; (82 bytes) @ 0x000000010a4112bc [0x000000010a411140+0x17c]
J 4971 C1 org.gradle.internal.operations.DefaultBuildOperationExecutor.execute(Lorg/gradle/internal/operations/BuildOperationDescriptor$Builder;Lorg/gradle/internal/operations/DefaultBuildOperationExecutor$BuildOperationState;Lorg/gradle/internal/operations/DefaultBuildOperationExecutor$BuildOperationExecution;)Lorg/gradle/internal/operations/BuildOperation; (111 bytes) @ 0x000000010a40c84c [0x000000010a40b8c0+0xf8c]
J 7356 C1 org.gradle.internal.operations.DefaultBuildOperationExecutor.call(Lorg/gradle/internal/operations/CallableBuildOperation;)Ljava/lang/Object; (38 bytes) @ 0x00000001099b7a3c [0x00000001099b7320+0x71c]
J 5299 C1 org.gradle.internal.operations.DelegatingBuildOperationExecutor.call(Lorg/gradle/internal/operations/CallableBuildOperation;)Ljava/lang/Object; (11 bytes) @ 0x000000010a4be2cc [0x000000010a4be1c0+0x10c]
j  org.gradle.launcher.exec.RunAsBuildOperationBuildActionRunner.run(Lorg/gradle/internal/invocation/BuildAction;Lorg/gradle/internal/invocation/BuildController;)Lorg/gradle/internal/invocation/BuildActionRunner$Result;+33
j  org.gradle.launcher.exec.InProcessBuildActionExecuter$1.transform(Lorg/gradle/internal/invocation/BuildController;)Lorg/gradle/launcher/exec/BuildActionResult;+12
j  org.gradle.launcher.exec.InProcessBuildActionExecuter$1.transform(Ljava/lang/Object;)Ljava/lang/Object;+5
j  org.gradle.composite.internal.DefaultRootBuildState.run(Lorg/gradle/api/Transformer;)Ljava/lang/Object;+35
j  org.gradle.launcher.exec.InProcessBuildActionExecuter.execute(Lorg/gradle/internal/invocation/BuildAction;Lorg/gradle/initialization/BuildRequestContext;Lorg/gradle/launcher/exec/BuildActionParameters;Lorg/gradle/internal/service/ServiceRegistry;)Lorg/gradle/launcher/exec/BuildActionResult;+82
j  org.gradle.launcher.exec.InProcessBuildActionExecuter.execute(Lorg/gradle/internal/invocation/BuildAction;Lorg/gradle/initialization/BuildRequestContext;Ljava/lang/Object;Lorg/gradle/internal/service/ServiceRegistry;)Lorg/gradle/launcher/exec/BuildActionResult;+9
j  org.gradle.launcher.exec.BuildTreeScopeBuildActionExecuter.execute(Lorg/gradle/internal/invocation/BuildAction;Lorg/gradle/initialization/BuildRequestContext;Lorg/gradle/launcher/exec/BuildActionParameters;Lorg/gradle/internal/service/ServiceRegistry;)Lorg/gradle/launcher/exec/BuildActionResult;+38
j  org.gradle.launcher.exec.BuildTreeScopeBuildActionExecuter.execute(Lorg/gradle/internal/invocation/BuildAction;Lorg/gradle/initialization/BuildRequestContext;Ljava/lang/Object;Lorg/gradle/internal/service/ServiceRegistry;)Lorg/gradle/launcher/exec/BuildActionResult;+9
j  org.gradle.tooling.internal.provider.ContinuousBuildActionExecuter.execute(Lorg/gradle/internal/invocation/BuildAction;Lorg/gradle/initialization/BuildRequestContext;Lorg/gradle/launcher/exec/BuildActionParameters;Lorg/gradle/internal/service/ServiceRegistry;)Lorg/gradle/launcher/exec/BuildActionResult;+58
j  org.gradle.tooling.internal.provider.ContinuousBuildActionExecuter.execute(Lorg/gradle/internal/invocation/BuildAction;Lorg/gradle/initialization/BuildRequestContext;Ljava/lang/Object;Lorg/gradle/internal/service/ServiceRegistry;)Lorg/gradle/launcher/exec/BuildActionResult;+9
j  org.gradle.tooling.internal.provider.SubscribableBuildActionExecuter.execute(Lorg/gradle/internal/invocation/BuildAction;Lorg/gradle/initialization/BuildRequestContext;Lorg/gradle/launcher/exec/BuildActionParameters;Lorg/gradle/internal/service/ServiceRegistry;)Lorg/gradle/launcher/exec/BuildActionResult;+45
j  org.gradle.tooling.internal.provider.SubscribableBuildActionExecuter.execute(Lorg/gradle/internal/invocation/BuildAction;Lorg/gradle/initialization/BuildRequestContext;Ljava/lang/Object;Lorg/gradle/internal/service/ServiceRegistry;)Lorg/gradle/launcher/exec/BuildActionResult;+9
j  org.gradle.tooling.internal.provider.SessionScopeBuildActionExecuter.execute(Lorg/gradle/internal/invocation/BuildAction;Lorg/gradle/initialization/BuildRequestContext;Lorg/gradle/launcher/exec/BuildActionParameters;Lorg/gradle/internal/service/ServiceRegistry;)Lorg/gradle/launcher/exec/BuildActionResult;+117
j  org.gradle.tooling.internal.provider.SessionScopeBuildActionExecuter.execute(Lorg/gradle/internal/invocation/BuildAction;Lorg/gradle/initialization/BuildRequestContext;Ljava/lang/Object;Lorg/gradle/internal/service/ServiceRegistry;)Lorg/gradle/launcher/exec/BuildActionResult;+9
j  org.gradle.tooling.internal.provider.GradleThreadBuildActionExecuter.execute(Lorg/gradle/internal/invocation/BuildAction;Lorg/gradle/initialization/BuildRequestContext;Lorg/gradle/launcher/exec/BuildActionParameters;Lorg/gradle/internal/service/ServiceRegistry;)Lorg/gradle/launcher/exec/BuildActionResult;+12
j  org.gradle.tooling.internal.provider.GradleThreadBuildActionExecuter.execute(Lorg/gradle/internal/invocation/BuildAction;Lorg/gradle/initialization/BuildRequestContext;Ljava/lang/Object;Lorg/gradle/internal/service/ServiceRegistry;)Lorg/gradle/launcher/exec/BuildActionResult;+9
j  org.gradle.tooling.internal.provider.ParallelismConfigurationBuildActionExecuter.execute(Lorg/gradle/internal/invocation/BuildAction;Lorg/gradle/initialization/BuildRequestContext;Lorg/gradle/launcher/exec/BuildActionParameters;Lorg/gradle/internal/service/ServiceRegistry;)Lorg/gradle/launcher/exec/BuildActionResult;+43
j  org.gradle.tooling.internal.provider.ParallelismConfigurationBuildActionExecuter.execute(Lorg/gradle/internal/invocation/BuildAction;Lorg/gradle/initialization/BuildRequestContext;Ljava/lang/Object;Lorg/gradle/internal/service/ServiceRegistry;)Lorg/gradle/launcher/exec/BuildActionResult;+9
j  org.gradle.tooling.internal.provider.StartParamsValidatingActionExecuter.execute(Lorg/gradle/internal/invocation/BuildAction;Lorg/gradle/initialization/BuildRequestContext;Lorg/gradle/launcher/exec/BuildActionParameters;Lorg/gradle/internal/service/ServiceRegistry;)Lorg/gradle/launcher/exec/BuildActionResult;+177
j  org.gradle.tooling.internal.provider.StartParamsValidatingActionExecuter.execute(Lorg/gradle/internal/invocation/BuildAction;Lorg/gradle/initialization/BuildRequestContext;Ljava/lang/Object;Lorg/gradle/internal/service/ServiceRegistry;)Lorg/gradle/launcher/exec/BuildActionResult;+9
j  org.gradle.tooling.internal.provider.SessionFailureReportingActionExecuter.execute(Lorg/gradle/internal/invocation/BuildAction;Lorg/gradle/initialization/BuildRequestContext;Lorg/gradle/launcher/exec/BuildActionParameters;Lorg/gradle/internal/service/ServiceRegistry;)Lorg/gradle/launcher/exec/BuildActionResult;+9
j  org.gradle.tooling.internal.provider.SessionFailureReportingActionExecuter.execute(Lorg/gradle/internal/invocation/BuildAction;Lorg/gradle/initialization/BuildRequestContext;Ljava/lang/Object;Lorg/gradle/internal/service/ServiceRegistry;)Lorg/gradle/launcher/exec/BuildActionResult;+9
j  org.gradle.tooling.internal.provider.SetupLoggingActionExecuter.execute(Lorg/gradle/internal/invocation/BuildAction;Lorg/gradle/initialization/BuildRequestContext;Lorg/gradle/launcher/exec/BuildActionParameters;Lorg/gradle/internal/service/ServiceRegistry;)Lorg/gradle/launcher/exec/BuildActionResult;+52
j  org.gradle.tooling.internal.provider.SetupLoggingActionExecuter.execute(Lorg/gradle/internal/invocation/BuildAction;Lorg/gradle/initialization/BuildRequestContext;Ljava/lang/Object;Lorg/gradle/internal/service/ServiceRegistry;)Lorg/gradle/launcher/exec/BuildActionResult;+9
j  org.gradle.launcher.daemon.server.exec.ExecuteBuild.doBuild(Lorg/gradle/launcher/daemon/server/api/DaemonCommandExecution;Lorg/gradle/launcher/daemon/protocol/Build;)V+118
j  org.gradle.launcher.daemon.server.exec.BuildCommandOnly.execute(Lorg/gradle/launcher/daemon/server/api/DaemonCommandExecution;)V+49
j  org.gradle.launcher.daemon.server.api.DaemonCommandExecution.proceed()Z+23
j  org.gradle.launcher.daemon.server.exec.WatchForDisconnection.execute(Lorg/gradle/launcher/daemon/server/api/DaemonCommandExecution;)V+19
j  org.gradle.launcher.daemon.server.api.DaemonCommandExecution.proceed()Z+23
j  org.gradle.launcher.daemon.server.exec.ResetDeprecationLogger.execute(Lorg/gradle/launcher/daemon/server/api/DaemonCommandExecution;)V+4
j  org.gradle.launcher.daemon.server.api.DaemonCommandExecution.proceed()Z+23
j  org.gradle.launcher.daemon.server.exec.RequestStopIfSingleUsedDaemon.execute(Lorg/gradle/launcher/daemon/server/api/DaemonCommandExecution;)V+33
j  org.gradle.launcher.daemon.server.api.DaemonCommandExecution.proceed()Z+23
j  org.gradle.launcher.daemon.server.exec.ForwardClientInput$2.create()Ljava/lang/Void;+4
j  org.gradle.launcher.daemon.server.exec.ForwardClientInput$2.create()Ljava/lang/Object;+1
j  org.gradle.util.Swapper.swap(Ljava/lang/Object;Lorg/gradle/internal/Factory;)Ljava/lang/Object;+21
j  org.gradle.launcher.daemon.server.exec.ForwardClientInput.execute(Lorg/gradle/launcher/daemon/server/api/DaemonCommandExecution;)V+63
j  org.gradle.launcher.daemon.server.api.DaemonCommandExecution.proceed()Z+23
j  org.gradle.launcher.daemon.server.exec.LogAndCheckHealth.execute(Lorg/gradle/launcher/daemon/server/api/DaemonCommandExecution;)V+28
j  org.gradle.launcher.daemon.server.api.DaemonCommandExecution.proceed()Z+23
j  org.gradle.launcher.daemon.server.exec.LogToClient.doBuild(Lorg/gradle/launcher/daemon/server/api/DaemonCommandExecution;Lorg/gradle/launcher/daemon/protocol/Build;)V+87
j  org.gradle.launcher.daemon.server.exec.BuildCommandOnly.execute(Lorg/gradle/launcher/daemon/server/api/DaemonCommandExecution;)V+49
j  org.gradle.launcher.daemon.server.api.DaemonCommandExecution.proceed()Z+23
j  org.gradle.launcher.daemon.server.exec.EstablishBuildEnvironment.doBuild(Lorg/gradle/launcher/daemon/server/api/DaemonCommandExecution;Lorg/gradle/launcher/daemon/protocol/Build;)V+351
j  org.gradle.launcher.daemon.server.exec.BuildCommandOnly.execute(Lorg/gradle/launcher/daemon/server/api/DaemonCommandExecution;)V+49
j  org.gradle.launcher.daemon.server.api.DaemonCommandExecution.proceed()Z+23
j  org.gradle.launcher.daemon.server.exec.StartBuildOrRespondWithBusy$1.run()V+44
j  org.gradle.launcher.daemon.server.DaemonStateCoordinator$1.run()V+4
J 14487 C1 org.gradle.internal.concurrent.ManagedExecutorImpl$1.run()V (59 bytes) @ 0x000000010b47de74 [0x000000010b47d960+0x514]
j  java.util.concurrent.ThreadPoolExecutor.runWorker(Ljava/util/concurrent/ThreadPoolExecutor$Worker;)V+95
j  java.util.concurrent.ThreadPoolExecutor$Worker.run()V+5
j  org.gradle.internal.concurrent.ThreadFactoryImpl$ManagedThreadRunnable.run()V+7
j  java.lang.Thread.run()V+11
v  ~StubRoutines::call_stub
V  [libjvm.dylib+0x2cc647]
V  [libjvm.dylib+0x2cb4a2]
V  [libjvm.dylib+0x2cb680]
V  [libjvm.dylib+0x31bcc4]
V  [libjvm.dylib+0x527e84]
V  [libjvm.dylib+0x527d49]
V  [libjvm.dylib+0x45b9eb]
C  [libsystem_pthread.dylib+0x6109]  _pthread_start+0x94
...<more frames>...


---------------  P R O C E S S  ---------------

Java Threads: ( => current thread )
  0x00007f9755013000 JavaThread "Cache worker for file content cache (/Users/enter/Documents/FlutterProjects/programmingblogdesign/android/.gradle/5.6.2/fileContent)" [_thread_blocked, id=24839, stack(0x000070000f062000,0x000070000f162000)]
  0x00007f9751590000 JavaThread "Cache worker for Build Output Cleanup Cache (/Users/enter/Documents/FlutterProjects/programmingblogdesign/android/.gradle/buildOutputCleanup)" [_thread_blocked, id=22791, stack(0x000070000ed59000,0x000070000ee59000)]
  0x00007f974de79000 JavaThread "Build operations Thread 4" [_thread_blocked, id=22279, stack(0x000070000ec56000,0x000070000ed56000)]
  0x00007f974de78800 JavaThread "Build operations Thread 3" [_thread_blocked, id=22023, stack(0x000070000eb53000,0x000070000ec53000)]
  0x00007f97551de000 JavaThread "Build operations Thread 2" [_thread_blocked, id=21767, stack(0x000070000ea50000,0x000070000eb50000)]
  0x00007f97551dd800 JavaThread "Build operations" [_thread_blocked, id=14599, stack(0x000070000e94d000,0x000070000ea4d000)]
  0x00007f9751591000 JavaThread "Cache worker for cache directory md-rule (/Users/enter/.gradle/caches/5.6.2/md-rule)" [_thread_blocked, id=41227, stack(0x000070000e747000,0x000070000e847000)]
  0x00007f974df2c000 JavaThread "Cache worker for cache directory md-supplier (/Users/enter/.gradle/caches/5.6.2/md-supplier)" [_thread_blocked, id=27147, stack(0x000070000e644000,0x000070000e744000)]
  0x00007f97491f5800 JavaThread "Cache worker for file hash cache (/Users/enter/Documents/FlutterProjects/programmingblogdesign/android/.gradle/5.6.2/fileHashes)" [_thread_blocked, id=44807, stack(0x000070000e541000,0x000070000e641000)]
  0x00007f974dbd9000 JavaThread "Thread-47" [_thread_blocked, id=28167, stack(0x000070000e135000,0x000070000e235000)]
  0x00007f974cbff000 JavaThread "Stdin handler" [_thread_blocked, id=34311, stack(0x000070000e032000,0x000070000e132000)]
  0x00007f974a261000 JavaThread "Asynchronous log dispatcher for DefaultDaemonConnection: socket connection from /0:0:0:0:0:0:0:1:50335 to /0:0:0:0:0:0:0:1:52032" [_thread_blocked, id=31495, stack(0x000070000df2f000,0x000070000e02f000)]
=>0x00007f974a074800 JavaThread "Daemon worker Thread 2" [_thread_in_Java, id=43015, stack(0x000070000de2c000,0x000070000df2c000)]
  0x00007f974920a800 JavaThread "Cancel handler" [_thread_blocked, id=19207, stack(0x000070000dd29000,0x000070000de29000)]
  0x00007f974a256800 JavaThread "Handler for socket connection from /0:0:0:0:0:0:0:1:50335 to /0:0:0:0:0:0:0:1:52032" [_thread_in_native, id=20487, stack(0x000070000da20000,0x000070000db20000)]
  0x00007f974dcb2800 JavaThread "Daemon Thread 2" [_thread_blocked, id=14099, stack(0x000070000d102000,0x000070000d202000)]
  0x00007f974993d800 JavaThread "Cache worker for Java compile cache (/Users/enter/.gradle/caches/5.6.2/javaCompile)" [_thread_blocked, id=87047, stack(0x000070000fa80000,0x000070000fb80000)]
  0x00007f974ca23000 JavaThread "RMI Reaper" [_thread_blocked, id=44291, stack(0x00007000109ad000,0x0000700010aad000)]
  0x00007f974a246800 JavaThread "RMI TCP Accept-0" daemon [_thread_in_native, id=86275, stack(0x00007000108aa000,0x00007000109aa000)]
  0x00007f975030d800 JavaThread "GC Daemon" daemon [_thread_blocked, id=44035, stack(0x00007000107a7000,0x00007000108a7000)]
  0x00007f974c9dd000 JavaThread "RMI Scheduler(0)" daemon [_thread_blocked, id=43527, stack(0x00007000105a1000,0x00007000106a1000)]
  0x00007f9752f3f000 JavaThread "process reaper" daemon [_thread_in_native, id=36359, stack(0x000070000f87a000,0x000070000f8a2000)]
  0x00007f9749a11000 JavaThread "Cache worker for file content cache (/Users/enter/.gradle/caches/5.6.2/fileContent)" [_thread_blocked, id=38659, stack(0x000070000ef5f000,0x000070000f05f000)]
  0x00007f974c9cc800 JavaThread "Memory manager" [_thread_blocked, id=25859, stack(0x000070000ee5c000,0x000070000ef5c000)]
  0x00007f974a6e4800 JavaThread "Cache worker for execution history cache (/Users/enter/.gradle/caches/5.6.2/executionHistory)" [_thread_blocked, id=40451, stack(0x000070000e84a000,0x000070000e94a000)]
  0x00007f974a125800 JavaThread "Cache worker for journal cache (/Users/enter/.gradle/caches/journal-1)" [_thread_blocked, id=41987, stack(0x000070000e43e000,0x000070000e53e000)]
  0x00007f9749b48800 JavaThread "File lock request listener" [_thread_in_native, id=42243, stack(0x000070000e33b000,0x000070000e43b000)]
  0x00007f97492b0800 JavaThread "Cache worker for file hash cache (/Users/enter/.gradle/caches/5.6.2/fileHashes)" [_thread_blocked, id=23043, stack(0x000070000e238000,0x000070000e338000)]
  0x00007f974a257800 JavaThread "Daemon periodic checks" [_thread_blocked, id=15363, stack(0x000070000dc26000,0x000070000dd26000)]
  0x00007f974913f000 JavaThread "Incoming local TCP Connector on port 50335" [_thread_in_native, id=18951, stack(0x000070000d91d000,0x000070000da1d000)]
  0x00007f974a54f800 JavaThread "Daemon health stats" [_thread_blocked, id=13827, stack(0x000070000d81a000,0x000070000d91a000)]
  0x00007f974a032800 JavaThread "Service Thread" daemon [_thread_blocked, id=16643, stack(0x000070000d614000,0x000070000d714000)]
  0x00007f9749037000 JavaThread "C1 CompilerThread2" daemon [_thread_blocked, id=13059, stack(0x000070000d511000,0x000070000d611000)]
  0x00007f9749019000 JavaThread "C2 CompilerThread1" daemon [_thread_blocked, id=17411, stack(0x000070000d40e000,0x000070000d50e000)]
  0x00007f974a819000 JavaThread "C2 CompilerThread0" daemon [_thread_blocked, id=17667, stack(0x000070000d30b000,0x000070000d40b000)]
  0x00007f974a817000 JavaThread "Signal Dispatcher" daemon [_thread_blocked, id=12547, stack(0x000070000d208000,0x000070000d308000)]
  0x00007f9749010800 JavaThread "Finalizer" daemon [_thread_blocked, id=20995, stack(0x000070000cfff000,0x000070000d0ff000)]
  0x00007f974a813800 JavaThread "Reference Handler" daemon [_thread_blocked, id=21251, stack(0x000070000cefc000,0x000070000cffc000)]
  0x00007f974900a000 JavaThread "main" [_thread_blocked, id=3331, stack(0x000070000c8ea000,0x000070000c9ea000)]

Other Threads:
  0x00007f974a022000 VMThread [stack: 0x000070000cdf9000,0x000070000cef9000] [id=21507]
  0x00007f974a022800 WatcherThread [stack: 0x000070000d717000,0x000070000d817000] [id=13571]

VM state:not at safepoint (normal execution)

VM Mutex/Monitor currently owned by a thread: None

heap address: 0x0000000760000000, size: 1536 MB, Compressed Oops mode: Zero based, Oop shift amount: 3
Narrow klass base: 0x0000000000000000, Narrow klass shift: 3
Compressed class space size: 1073741824 Address: 0x00000007c0000000

Heap:
 PSYoungGen      total 160768K, used 24283K [0x00000007a0000000, 0x00000007aca00000, 0x00000007c0000000)
  eden space 121856K, 13% used [0x00000007a0000000,0x00000007a0f9df38,0x00000007a7700000)
  from space 38912K, 21% used [0x00000007a7700000,0x00000007a7f19040,0x00000007a9d00000)
  to   space 38400K, 0% used [0x00000007aa480000,0x00000007aa480000,0x00000007aca00000)
 ParOldGen       total 216576K, used 185842K [0x0000000760000000, 0x000000076d380000, 0x00000007a0000000)
  object space 216576K, 85% used [0x0000000760000000,0x000000076b57cbd0,0x000000076d380000)
 Metaspace       used 95347K, capacity 99396K, committed 99928K, reserved 1136640K
  class space    used 12656K, capacity 13506K, committed 13696K, reserved 1048576K

Card table byte_map: [0x0000000108d02000,0x0000000109003000] byte_map_base: 0x0000000105202000

Marking Bits: (ParMarkBitMap*) 0x00000001082273f8
 Begin Bits: [0x00000001184e9000, 0x0000000119ce9000)
 End Bits:   [0x0000000119ce9000, 0x000000011b4e9000)

Polling page: 0x00000001071d2000

CodeCache: size=245760Kb used=39019Kb max_used=39037Kb free=206740Kb
 bounds [0x00000001094e9000, 0x000000010bb49000, 0x00000001184e9000]
 total_blobs=14005 nmethods=13094 adapters=823
 compilation: enabled

Compilation events (10 events):
Event: 1162.127 Thread 0x00007f9749037000 15651       3       com.android.build.gradle.internal.scope.ArtifactTypeUtil::getOutputDir (109 bytes)
Event: 1162.128 Thread 0x00007f9749037000 nmethod 15651 0x000000010bb25d50 code [0x000000010bb25fc0, 0x000000010bb26e58]
Event: 1162.128 Thread 0x00007f9749037000 15652       3       com.android.build.gradle.internal.scope.InternalArtifactType$Category::getOutputDir (19 bytes)
Event: 1162.128 Thread 0x00007f9749037000 nmethod 15652 0x000000010bb27610 code [0x000000010bb277a0, 0x000000010bb27af8]
Event: 1162.129 Thread 0x00007f9749037000 15653       1       org.gradle.api.tasks.bundling.AbstractArchiveTask::getArchiveFile (5 bytes)
Event: 1162.129 Thread 0x00007f9749037000 nmethod 15653 0x000000010bb27c10 code [0x000000010bb27d60, 0x000000010bb27e70]
Event: 1162.133 Thread 0x00007f9749037000 15654       3       org.gradle.api.internal.artifacts.transform.DefaultExecutionGraphDependenciesResolver::collectDependenciesIdentifiers (115 bytes)
Event: 1162.134 Thread 0x00007f9749037000 nmethod 15654 0x000000010bb27ed0 code [0x000000010bb28140, 0x000000010bb29108]
Event: 1162.145 Thread 0x00007f9749037000 15655       3       java.util.BitSet::cardinality (32 bytes)
Event: 1162.145 Thread 0x00007f9749037000 nmethod 15655 0x000000010bb29950 code [0x000000010bb29ae0, 0x000000010bb29d68]

GC Heap History (10 events):
Event: 118.311 GC heap before
{Heap before GC invocations=35 (full 3):
 PSYoungGen      total 133632K, used 133586K [0x00000007a0000000, 0x00000007ab700000, 0x00000007c0000000)
  eden space 105472K, 99% used [0x00000007a0000000,0x00000007a66fba40,0x00000007a6700000)
  from space 28160K, 99% used [0x00000007a6700000,0x00000007a8278dd8,0x00000007a8280000)
  to   space 35328K, 0% used [0x00000007a9480000,0x00000007a9480000,0x00000007ab700000)
 ParOldGen       total 102912K, used 66150K [0x0000000760000000, 0x0000000766480000, 0x00000007a0000000)
  object space 102912K, 64% used [0x0000000760000000,0x0000000764099880,0x0000000766480000)
 Metaspace       used 90342K, capacity 94356K, committed 94552K, reserved 1130496K
  class space    used 12267K, capacity 13137K, committed 13184K, reserved 1048576K
Event: 118.385 GC heap after
Heap after GC invocations=35 (full 3):
 PSYoungGen      total 148480K, used 30683K [0x00000007a0000000, 0x00000007abf00000, 0x00000007c0000000)
  eden space 113152K, 0% used [0x00000007a0000000,0x00000007a0000000,0x00000007a6e80000)
  from space 35328K, 86% used [0x00000007a9480000,0x00000007ab276d60,0x00000007ab700000)
  to   space 38912K, 0% used [0x00000007a6e80000,0x00000007a6e80000,0x00000007a9480000)
 ParOldGen       total 102912K, used 71020K [0x0000000760000000, 0x0000000766480000, 0x00000007a0000000)
  object space 102912K, 69% used [0x0000000760000000,0x000000076455b308,0x0000000766480000)
 Metaspace       used 90342K, capacity 94356K, committed 94552K, reserved 1130496K
  class space    used 12267K, capacity 13137K, committed 13184K, reserved 1048576K
}
Event: 122.080 GC heap before
{Heap before GC invocations=36 (full 3):
 PSYoungGen      total 148480K, used 143835K [0x00000007a0000000, 0x00000007abf00000, 0x00000007c0000000)
  eden space 113152K, 100% used [0x00000007a0000000,0x00000007a6e80000,0x00000007a6e80000)
  from space 35328K, 86% used [0x00000007a9480000,0x00000007ab276d60,0x00000007ab700000)
  to   space 38912K, 0% used [0x00000007a6e80000,0x00000007a6e80000,0x00000007a9480000)
 ParOldGen       total 102912K, used 74044K [0x0000000760000000, 0x0000000766480000, 0x00000007a0000000)
  object space 102912K, 71% used [0x0000000760000000,0x000000076484f108,0x0000000766480000)
 Metaspace       used 91238K, capacity 95378K, committed 95448K, reserved 1132544K
  class space    used 12396K, capacity 13286K, committed 13312K, reserved 1048576K
Event: 122.098 GC heap after
Heap after GC invocations=36 (full 3):
 PSYoungGen      total 152064K, used 20097K [0x00000007a0000000, 0x00000007ac200000, 0x00000007c0000000)
  eden space 113152K, 0% used [0x00000007a0000000,0x00000007a0000000,0x00000007a6e80000)
  from space 38912K, 51% used [0x00000007a6e80000,0x00000007a82205b8,0x00000007a9480000)
  to   space 37888K, 0% used [0x00000007a9d00000,0x00000007a9d00000,0x00000007ac200000)
 ParOldGen       total 102912K, used 74060K [0x0000000760000000, 0x0000000766480000, 0x00000007a0000000)
  object space 102912K, 71% used [0x0000000760000000,0x0000000764853108,0x0000000766480000)
 Metaspace       used 91238K, capacity 95378K, committed 95448K, reserved 1132544K
  class space    used 12396K, capacity 13286K, committed 13312K, reserved 1048576K
}
Event: 123.287 GC heap before
{Heap before GC invocations=37 (full 4):
 PSYoungGen      total 152064K, used 133249K [0x00000007a0000000, 0x00000007ac200000, 0x00000007c0000000)
  eden space 113152K, 100% used [0x00000007a0000000,0x00000007a6e80000,0x00000007a6e80000)
  from space 38912K, 51% used [0x00000007a6e80000,0x00000007a82205b8,0x00000007a9480000)
  to   space 37888K, 0% used [0x00000007a9d00000,0x00000007a9d00000,0x00000007ac200000)
 ParOldGen       total 122368K, used 119728K [0x0000000760000000, 0x0000000767780000, 0x00000007a0000000)
  object space 122368K, 97% used [0x0000000760000000,0x00000007674ec268,0x0000000767780000)
 Metaspace       used 91338K, capacity 95470K, committed 95704K, reserved 1132544K
  class space    used 12404K, capacity 13294K, committed 13312K, reserved 1048576K
Event: 124.580 GC heap after
Heap after GC invocations=37 (full 4):
 PSYoungGen      total 152064K, used 0K [0x00000007a0000000, 0x00000007ac200000, 0x00000007c0000000)
  eden space 113152K, 0% used [0x00000007a0000000,0x00000007a0000000,0x00000007a6e80000)
  from space 38912K, 0% used [0x00000007a6e80000,0x00000007a6e80000,0x00000007a9480000)
  to   space 37888K, 0% used [0x00000007a9d00000,0x00000007a9d00000,0x00000007ac200000)
 ParOldGen       total 216576K, used 118590K [0x0000000760000000, 0x000000076d380000, 0x00000007a0000000)
  object space 216576K, 54% used [0x0000000760000000,0x00000007673cf8c0,0x000000076d380000)
 Metaspace       used 91129K, capacity 94952K, committed 95704K, reserved 1132544K
  class space    used 12336K, capacity 13173K, committed 13312K, reserved 1048576K
}
Event: 129.553 GC heap before
{Heap before GC invocations=38 (full 4):
 PSYoungGen      total 152064K, used 113152K [0x00000007a0000000, 0x00000007ac200000, 0x00000007c0000000)
  eden space 113152K, 100% used [0x00000007a0000000,0x00000007a6e80000,0x00000007a6e80000)
  from space 38912K, 0% used [0x00000007a6e80000,0x00000007a6e80000,0x00000007a9480000)
  to   space 37888K, 0% used [0x00000007a9d00000,0x00000007a9d00000,0x00000007ac200000)
 ParOldGen       total 216576K, used 185826K [0x0000000760000000, 0x000000076d380000, 0x00000007a0000000)
  object space 216576K, 85% used [0x0000000760000000,0x000000076b578bd0,0x000000076d380000)
 Metaspace       used 91140K, capacity 94966K, committed 95704K, reserved 1132544K
  class space    used 12339K, capacity 13174K, committed 13312K, reserved 1048576K
Event: 129.565 GC heap after
Heap after GC invocations=38 (full 4):
 PSYoungGen      total 159744K, used 26179K [0x00000007a0000000, 0x00000007ac380000, 0x00000007c0000000)
  eden space 121856K, 0% used [0x00000007a0000000,0x00000007a0000000,0x00000007a7700000)
  from space 37888K, 69% used [0x00000007a9d00000,0x00000007ab690f30,0x00000007ac200000)
  to   space 38912K, 0% used [0x00000007a7700000,0x00000007a7700000,0x00000007a9d00000)
 ParOldGen       total 216576K, used 185834K [0x0000000760000000, 0x000000076d380000, 0x00000007a0000000)
  object space 216576K, 85% used [0x0000000760000000,0x000000076b57abd0,0x000000076d380000)
 Metaspace       used 91140K, capacity 94966K, committed 95704K, reserved 1132544K
  class space    used 12339K, capacity 13174K, committed 13312K, reserved 1048576K
}
Event: 1160.045 GC heap before
{Heap before GC invocations=39 (full 4):
 PSYoungGen      total 159744K, used 148035K [0x00000007a0000000, 0x00000007ac380000, 0x00000007c0000000)
  eden space 121856K, 100% used [0x00000007a0000000,0x00000007a7700000,0x00000007a7700000)
  from space 37888K, 69% used [0x00000007a9d00000,0x00000007ab690f30,0x00000007ac200000)
  to   space 38912K, 0% used [0x00000007a7700000,0x00000007a7700000,0x00000007a9d00000)
 ParOldGen       total 216576K, used 185834K [0x0000000760000000, 0x000000076d380000, 0x00000007a0000000)
  object space 216576K, 85% used [0x0000000760000000,0x000000076b57abd0,0x000000076d380000)
 Metaspace       used 95087K, capacity 99040K, committed 99544K, reserved 1134592K
  class space    used 12638K, capacity 13464K, committed 13568K, reserved 1048576K
Event: 1160.133 GC heap after
Heap after GC invocations=39 (full 4):
 PSYoungGen      total 160768K, used 8292K [0x00000007a0000000, 0x00000007aca00000, 0x00000007c0000000)
  eden space 121856K, 0% used [0x00000007a0000000,0x00000007a0000000,0x00000007a7700000)
  from space 38912K, 21% used [0x00000007a7700000,0x00000007a7f19040,0x00000007a9d00000)
  to   space 38400K, 0% used [0x00000007aa480000,0x00000007aa480000,0x00000007aca00000)
 ParOldGen       total 216576K, used 185842K [0x0000000760000000, 0x000000076d380000, 0x00000007a0000000)
  object space 216576K, 85% used [0x0000000760000000,0x000000076b57cbd0,0x000000076d380000)
 Metaspace       used 95087K, capacity 99040K, committed 99544K, reserved 1134592K
  class space    used 12638K, capacity 13464K, committed 13568K, reserved 1048576K
}

Deoptimization events (10 events):
Event: 1156.022 Thread 0x00007f974a074800 Uncommon trap: reason=bimorphic action=maybe_recompile pc=0x00000001098c397c method=java.io.ObjectInputStream$PeekInputStream.peek()I @ 17
Event: 1156.027 Thread 0x00007f974a074800 Uncommon trap: reason=bimorphic action=maybe_recompile pc=0x00000001098c397c method=java.io.ObjectInputStream$PeekInputStream.peek()I @ 17
Event: 1156.192 Thread 0x00007f974a074800 Uncommon trap: reason=bimorphic action=maybe_recompile pc=0x00000001098c397c method=java.io.ObjectInputStream$PeekInputStream.peek()I @ 17
Event: 1156.229 Thread 0x00007f974a074800 Uncommon trap: reason=bimorphic action=maybe_recompile pc=0x00000001098c397c method=java.io.ObjectInputStream$PeekInputStream.peek()I @ 17
Event: 1156.233 Thread 0x00007f974a074800 Uncommon trap: reason=bimorphic action=maybe_recompile pc=0x000000010a225294 method=java.io.ObjectInputStream$PeekInputStream.peek()I @ 17
Event: 1158.634 Thread 0x00007f974a074800 Uncommon trap: reason=null_check action=make_not_entrant pc=0x000000010af2e220 method=org.gradle.api.internal.collections.CollectionFilter.filter(Ljava/lang/Object;)Ljava/lang/Object; @ 5
Event: 1159.187 Thread 0x00007f974a074800 Uncommon trap: reason=class_check action=maybe_recompile pc=0x000000010af305ec method=org.gradle.api.internal.collections.CollectionFilter$1.execute(Ljava/lang/Object;)V @ 18
Event: 1159.187 Thread 0x00007f974a074800 Uncommon trap: reason=class_check action=maybe_recompile pc=0x000000010af305ec method=org.gradle.api.internal.collections.CollectionFilter$1.execute(Ljava/lang/Object;)V @ 18
Event: 1159.216 Thread 0x00007f974a074800 Uncommon trap: reason=class_check action=maybe_recompile pc=0x000000010af305ec method=org.gradle.api.internal.collections.CollectionFilter$1.execute(Ljava/lang/Object;)V @ 18
Event: 1159.218 Thread 0x00007f974a074800 Uncommon trap: reason=class_check action=maybe_recompile pc=0x000000010af305ec method=org.gradle.api.internal.collections.CollectionFilter$1.execute(Ljava/lang/Object;)V @ 18

Classes redefined (0 events):
No events

Internal exceptions (10 events):
Event: 135.444 Thread 0x00007f974ecc3800 Exception <a 'java/lang/ClassNotFoundException': com/android/build/OutputFileBeanInfo> (0x00000007a3fb5e90) thrown at [/Volumes/Android/buildbot/src/googleplex-android/openjdk/out/hotspot/src/share/vm/classfile/systemDictionary.cpp, line 210]
Event: 135.445 Thread 0x00007f974ecc3800 Exception <a 'java/lang/ClassNotFoundException': com/android/build/OutputFileCustomizer> (0x00000007a3fc91f0) thrown at [/Volumes/Android/buildbot/src/googleplex-android/openjdk/out/hotspot/src/share/vm/classfile/systemDictionary.cpp, line 210]
Event: 1155.315 Thread 0x00007f974a074800 Implicit null exception at 0x000000010b837947 to 0x000000010b83b5dd
Event: 1155.533 Thread 0x00007f974a074800 Implicit null exception at 0x0000000109a67194 to 0x0000000109a6745d
Event: 1155.533 Thread 0x00007f974a074800 Implicit null exception at 0x000000010a9693bc to 0x000000010a969a25
Event: 1155.534 Thread 0x00007f974a074800 Implicit null exception at 0x000000010a72fe34 to 0x000000010a730051
Event: 1155.613 Thread 0x00007f974a074800 Implicit null exception at 0x000000010a51356f to 0x000000010a5135f6
Event: 1158.634 Thread 0x00007f974a074800 Implicit null exception at 0x000000010af2e0c4 to 0x000000010af2e20d
Event: 1161.405 Thread 0x00007f974a074800 Exception <a 'java/lang/ClassNotFoundException': java/util/regex/MatcherBeanInfo> (0x00000007a0ab60e0) thrown at [/Volumes/Android/buildbot/src/googleplex-android/openjdk/out/hotspot/src/share/vm/classfile/systemDictionary.cpp, line 210]
Event: 1161.406 Thread 0x00007f974a074800 Exception <a 'java/lang/ClassNotFoundException': java/util/regex/MatcherCustomizer> (0x00000007a0abfcd0) thrown at [/Volumes/Android/buildbot/src/googleplex-android/openjdk/out/hotspot/src/share/vm/classfile/systemDictionary.cpp, line 210]

Events (10 events):
Event: 1161.631 loading class org/codehaus/groovy/runtime/dgm$1186
Event: 1161.631 loading class org/codehaus/groovy/runtime/dgm$1186 done
Event: 1161.632 loading class org/codehaus/groovy/runtime/dgm$1187
Event: 1161.632 loading class org/codehaus/groovy/runtime/dgm$1187 done
Event: 1161.632 loading class org/codehaus/groovy/runtime/dgm$1188
Event: 1161.632 loading class org/codehaus/groovy/runtime/dgm$1188 done
Event: 1161.633 loading class org/codehaus/groovy/runtime/dgm$1189
Event: 1161.633 loading class org/codehaus/groovy/runtime/dgm$1189 done
Event: 1162.124 Executing VM operation: ForceSafepoint
Event: 1162.124 Executing VM operation: ForceSafepoint done


Dynamic libraries:
0x00007fff33c27000 	/System/Library/Frameworks/Cocoa.framework/Versions/A/Cocoa
0x00007fff41420000 	/System/Library/Frameworks/Security.framework/Versions/A/Security
0x00007fff32b8c000 	/System/Library/Frameworks/ApplicationServices.framework/Versions/A/ApplicationServices
0x00007fff6e107000 	/usr/lib/libz.1.dylib
0x00007fff6bbcb000 	/usr/lib/libSystem.B.dylib
0x00007fff34ac9000 	/System/Library/Frameworks/CoreFoundation.framework/Versions/A/CoreFoundation
0x00007fff37186000 	/System/Library/Frameworks/Foundation.framework/Versions/C/Foundation
0x00007fff6da2b000 	/usr/lib/libobjc.A.dylib
0x00007fff31d7c000 	/System/Library/Frameworks/AppKit.framework/Versions/C/AppKit
0x00007fff345ab000 	/System/Library/Frameworks/CoreData.framework/Versions/A/CoreData
0x00007fff65be0000 	/System/Library/PrivateFrameworks/UIFoundation.framework/Versions/A/UIFoundation
0x00007fff60c74000 	/System/Library/PrivateFrameworks/RemoteViewServices.framework/Versions/A/RemoteViewServices
0x00007fff6873b000 	/System/Library/PrivateFrameworks/XCTTargetBootstrap.framework/Versions/A/XCTTargetBootstrap
0x00007fff34996000 	/System/Library/Frameworks/CoreDisplay.framework/Versions/A/CoreDisplay
0x00007fff3a041000 	/System/Library/Frameworks/Metal.framework/Versions/A/Metal
0x00007fff4ec39000 	/System/Library/PrivateFrameworks/DesktopServicesPriv.framework/Versions/A/DesktopServicesPriv
0x00007fff6cd06000 	/usr/lib/liblangid.dylib
0x00007fff4dece000 	/System/Library/PrivateFrameworks/CoreSVG.framework/Versions/A/CoreSVG
0x00007fff63dd0000 	/System/Library/PrivateFrameworks/SkyLight.framework/Versions/A/SkyLight
0x00007fff34f4a000 	/System/Library/Frameworks/CoreGraphics.framework/Versions/A/CoreGraphics
0x00007fff30750000 	/System/Library/Frameworks/Accelerate.framework/Versions/A/Accelerate
0x00007fff6dff8000 	/usr/lib/libxml2.2.dylib
0x00007fff59bd7000 	/System/Library/PrivateFrameworks/IconServices.framework/Versions/A/IconServices
0x00007fff37965000 	/System/Library/Frameworks/IOSurface.framework/Versions/A/IOSurface
0x00007fff6b6f5000 	/usr/lib/libDiagnosticMessagesClient.dylib
0x00007fff4ea93000 	/System/Library/PrivateFrameworks/DFRFoundation.framework/Versions/A/DFRFoundation
0x00007fff6ca95000 	/usr/lib/libicucore.A.dylib
0x00007fff32ebe000 	/System/Library/Frameworks/AudioToolbox.framework/Versions/A/AudioToolbox
0x00007fff32fa1000 	/System/Library/Frameworks/AudioUnit.framework/Versions/A/AudioUnit
0x00007fff6bdcd000 	/usr/lib/libauto.dylib
0x00007fff4eb35000 	/System/Library/PrivateFrameworks/DataDetectorsCore.framework/Versions/A/DataDetectorsCore
0x00007fff33748000 	/System/Library/Frameworks/Carbon.framework/Versions/A/Frameworks/HIToolbox.framework/Versions/A/HIToolbox
0x00007fff4061a000 	/System/Library/Frameworks/QuartzCore.framework/Versions/A/QuartzCore
0x00007fff33a87000 	/System/Library/Frameworks/Carbon.framework/Versions/A/Frameworks/SpeechRecognition.framework/Versions/A/SpeechRecognition
0x00007fff4e5a7000 	/System/Library/PrivateFrameworks/CoreUI.framework/Versions/A/CoreUI
0x00007fff34016000 	/System/Library/Frameworks/CoreAudio.framework/Versions/A/CoreAudio
0x00007fff36e45000 	/System/Library/Frameworks/DiskArbitration.framework/Versions/A/DiskArbitration
0x00007fff5bc4f000 	/System/Library/PrivateFrameworks/MultitouchSupport.framework/Versions/A/MultitouchSupport
0x00007fff6c95c000 	/usr/lib/libenergytrace.dylib
0x00007fff378bf000 	/System/Library/Frameworks/IOKit.framework/Versions/A/IOKit
0x00007fff35eb1000 	/System/Library/Frameworks/CoreServices.framework/Versions/A/CoreServices
0x00007fff5de07000 	/System/Library/PrivateFrameworks/PerformanceAnalysis.framework/Versions/A/PerformanceAnalysis
0x00007fff3f64d000 	/System/Library/Frameworks/OpenGL.framework/Versions/A/OpenGL
0x00007fff33c35000 	/System/Library/Frameworks/ColorSync.framework/Versions/A/ColorSync
0x00007fff355cd000 	/System/Library/Frameworks/CoreImage.framework/Versions/A/CoreImage
0x00007fff36924000 	/System/Library/Frameworks/CoreText.framework/Versions/A/CoreText
0x00007fff379f5000 	/System/Library/Frameworks/ImageIO.framework/Versions/A/ImageIO
0x00007fff6beb1000 	/usr/lib/libc++.1.dylib
0x00007fff6bf2d000 	/usr/lib/libcompression.dylib
0x00007fff6ba39000 	/usr/lib/libMobileGestalt.dylib
0x00007fff6594a000 	/System/Library/PrivateFrameworks/TextureIO.framework/Versions/A/TextureIO
0x00007fff6bd30000 	/usr/lib/libate.dylib
0x00007fff59de0000 	/System/Library/PrivateFrameworks/InternationalSupport.framework/Versions/A/InternationalSupport
0x00007fff6e9c8000 	/usr/lib/system/libcache.dylib
0x00007fff6e9ce000 	/usr/lib/system/libcommonCrypto.dylib
0x00007fff6e9da000 	/usr/lib/system/libcompiler_rt.dylib
0x00007fff6e9e2000 	/usr/lib/system/libcopyfile.dylib
0x00007fff6e9ec000 	/usr/lib/system/libcorecrypto.dylib
0x00007fff6eb8b000 	/usr/lib/system/libdispatch.dylib
0x00007fff6ebcc000 	/usr/lib/system/libdyld.dylib
0x00007fff6ec03000 	/usr/lib/system/libkeymgr.dylib
0x00007fff6ec11000 	/usr/lib/system/liblaunch.dylib
0x00007fff6ec12000 	/usr/lib/system/libmacho.dylib
0x00007fff6ec18000 	/usr/lib/system/libquarantine.dylib
0x00007fff6ec1b000 	/usr/lib/system/libremovefile.dylib
0x00007fff6ec1d000 	/usr/lib/system/libsystem_asl.dylib
0x00007fff6ec35000 	/usr/lib/system/libsystem_blocks.dylib
0x00007fff6ec36000 	/usr/lib/system/libsystem_c.dylib
0x00007fff6ecbe000 	/usr/lib/system/libsystem_configuration.dylib
0x00007fff6ecc2000 	/usr/lib/system/libsystem_coreservices.dylib
0x00007fff6ecc6000 	/usr/lib/system/libsystem_darwin.dylib
0x00007fff6eccf000 	/usr/lib/system/libsystem_dnssd.dylib
0x00007fff6ecd7000 	/usr/lib/system/libsystem_featureflags.dylib
0x00007fff6ecd9000 	/usr/lib/system/libsystem_info.dylib
0x00007fff6ed54000 	/usr/lib/system/libsystem_m.dylib
0x00007fff6ed9c000 	/usr/lib/system/libsystem_malloc.dylib
0x00007fff6edc4000 	/usr/lib/system/libsystem_networkextension.dylib
0x00007fff6edd2000 	/usr/lib/system/libsystem_notify.dylib
0x00007fff6edf0000 	/usr/lib/system/libsystem_sandbox.dylib
0x00007fff6edf5000 	/usr/lib/system/libsystem_secinit.dylib
0x00007fff6ed27000 	/usr/lib/system/libsystem_kernel.dylib
0x00007fff6eddc000 	/usr/lib/system/libsystem_platform.dylib
0x00007fff6ede5000 	/usr/lib/system/libsystem_pthread.dylib
0x00007fff6edf8000 	/usr/lib/system/libsystem_symptoms.dylib
0x00007fff6ee00000 	/usr/lib/system/libsystem_trace.dylib
0x00007fff6ee18000 	/usr/lib/system/libunwind.dylib
0x00007fff6ee1e000 	/usr/lib/system/libxpc.dylib
0x00007fff6bf04000 	/usr/lib/libc++abi.dylib
0x00007fff6cd08000 	/usr/lib/liblzma.5.dylib
0x00007fff6c983000 	/usr/lib/libfakelink.dylib
0x00007fff6bcbd000 	/usr/lib/libarchive.2.dylib
0x00007fff424d1000 	/System/Library/Frameworks/SystemConfiguration.framework/Versions/A/SystemConfiguration
0x00007fff6b628000 	/usr/lib/libCRFSuite.dylib
0x00007fff33338000 	/System/Library/Frameworks/CFNetwork.framework/Versions/A/CFNetwork
0x00007fff6be93000 	/usr/lib/libbsm.0.dylib
0x00007fff6ec04000 	/usr/lib/system/libkxld.dylib
0x00007fff48410000 	/System/Library/PrivateFrameworks/AppleFSCompression.framework/Versions/A/AppleFSCompression
0x00007fff6c21e000 	/usr/lib/libcoretls.dylib
0x00007fff6c235000 	/usr/lib/libcoretls_cfhelpers.dylib
0x00007fff6da71000 	/usr/lib/libpam.2.dylib
0x00007fff6dba6000 	/usr/lib/libsqlite3.dylib
0x00007fff6dfe5000 	/usr/lib/libxar.1.dylib
0x00007fff6bea4000 	/usr/lib/libbz2.1.0.dylib
0x00007fff6c9a4000 	/usr/lib/libiconv.2.dylib
0x00007fff6bf1a000 	/usr/lib/libcharset.1.dylib
0x00007fff6d50e000 	/usr/lib/libnetwork.dylib
0x00007fff6da78000 	/usr/lib/libpcap.A.dylib
0x00007fff6bc72000 	/usr/lib/libapple_nghttp2.dylib
0x00007fff36268000 	/System/Library/Frameworks/CoreServices.framework/Versions/A/Frameworks/FSEvents.framework/Versions/A/FSEvents
0x00007fff35f38000 	/System/Library/Frameworks/CoreServices.framework/Versions/A/Frameworks/CarbonCore.framework/Versions/A/CarbonCore
0x00007fff364ac000 	/System/Library/Frameworks/CoreServices.framework/Versions/A/Frameworks/Metadata.framework/Versions/A/Metadata
0x00007fff36545000 	/System/Library/Frameworks/CoreServices.framework/Versions/A/Frameworks/OSServices.framework/Versions/A/OSServices
0x00007fff36573000 	/System/Library/Frameworks/CoreServices.framework/Versions/A/Frameworks/SearchKit.framework/Versions/A/SearchKit
0x00007fff35eb2000 	/System/Library/Frameworks/CoreServices.framework/Versions/A/Frameworks/AE.framework/Versions/A/AE
0x00007fff36271000 	/System/Library/Frameworks/CoreServices.framework/Versions/A/Frameworks/LaunchServices.framework/Versions/A/LaunchServices
0x00007fff3621a000 	/System/Library/Frameworks/CoreServices.framework/Versions/A/Frameworks/DictionaryServices.framework/Versions/A/DictionaryServices
0x00007fff365db000 	/System/Library/Frameworks/CoreServices.framework/Versions/A/Frameworks/SharedFileList.framework/Versions/A/SharedFileList
0x00007fff3b46c000 	/System/Library/Frameworks/NetFS.framework/Versions/A/NetFS
0x00007fff5c17f000 	/System/Library/PrivateFrameworks/NetAuth.framework/Versions/A/NetAuth
0x00007fff68b08000 	/System/Library/PrivateFrameworks/login.framework/Versions/A/Frameworks/loginsupport.framework/Versions/A/loginsupport
0x00007fff65415000 	/System/Library/PrivateFrameworks/TCC.framework/Versions/A/TCC
0x00007fff4d041000 	/System/Library/PrivateFrameworks/CoreNLP.framework/Versions/A/CoreNLP
0x00007fff5b654000 	/System/Library/PrivateFrameworks/MetadataUtilities.framework/Versions/A/MetadataUtilities
0x00007fff6cde0000 	/usr/lib/libmecabra.dylib
0x00007fff6cd38000 	/usr/lib/libmecab.dylib
0x00007fff6c994000 	/usr/lib/libgermantok.dylib
0x00007fff6bc59000 	/usr/lib/libThaiTokenizer.dylib
0x00007fff6b65f000 	/usr/lib/libChineseTokenizer.dylib
0x00007fff30768000 	/System/Library/Frameworks/Accelerate.framework/Versions/A/Frameworks/vImage.framework/Versions/A/vImage
0x00007fff31bd2000 	/System/Library/Frameworks/Accelerate.framework/Versions/A/Frameworks/vecLib.framework/Versions/A/vecLib
0x00007fff31b0f000 	/System/Library/Frameworks/Accelerate.framework/Versions/A/Frameworks/vecLib.framework/Versions/A/libvMisc.dylib
0x00007fff31937000 	/System/Library/Frameworks/Accelerate.framework/Versions/A/Frameworks/vecLib.framework/Versions/A/libvDSP.dylib
0x00007fff30dbf000 	/System/Library/Frameworks/Accelerate.framework/Versions/A/Frameworks/vecLib.framework/Versions/A/libBLAS.dylib
0x00007fff314fb000 	/System/Library/Frameworks/Accelerate.framework/Versions/A/Frameworks/vecLib.framework/Versions/A/libLAPACK.dylib
0x00007fff31897000 	/System/Library/Frameworks/Accelerate.framework/Versions/A/Frameworks/vecLib.framework/Versions/A/libLinearAlgebra.dylib
0x00007fff31924000 	/System/Library/Frameworks/Accelerate.framework/Versions/A/Frameworks/vecLib.framework/Versions/A/libSparseBLAS.dylib
0x00007fff318ad000 	/System/Library/Frameworks/Accelerate.framework/Versions/A/Frameworks/vecLib.framework/Versions/A/libQuadrature.dylib
0x00007fff31027000 	/System/Library/Frameworks/Accelerate.framework/Versions/A/Frameworks/vecLib.framework/Versions/A/libBNNS.dylib
0x00007fff318b3000 	/System/Library/Frameworks/Accelerate.framework/Versions/A/Frameworks/vecLib.framework/Versions/A/libSparse.dylib
0x00007fff5a1c8000 	/System/Library/PrivateFrameworks/LanguageModeling.framework/Versions/A/LanguageModeling
0x00007fff4c9f1000 	/System/Library/PrivateFrameworks/CoreEmoji.framework/Versions/A/CoreEmoji
0x00007fff5a2e6000 	/System/Library/PrivateFrameworks/LinguisticData.framework/Versions/A/LinguisticData
0x00007fff5a297000 	/System/Library/PrivateFrameworks/Lexicon.framework/Versions/A/Lexicon
0x00007fff6bf1b000 	/usr/lib/libcmph.dylib
0x00007fff3e05b000 	/System/Library/Frameworks/OpenDirectory.framework/Versions/A/Frameworks/CFOpenDirectory.framework/Versions/A/CFOpenDirectory
0x00007fff3e078000 	/System/Library/Frameworks/OpenDirectory.framework/Versions/A/OpenDirectory
0x00007fff464bb000 	/System/Library/PrivateFrameworks/APFS.framework/Versions/A/APFS
0x00007fff4176a000 	/System/Library/Frameworks/SecurityFoundation.framework/Versions/A/SecurityFoundation
0x00007fff6dfe1000 	/usr/lib/libutil.dylib
0x00007fff4df26000 	/System/Library/PrivateFrameworks/CoreServicesStore.framework/Versions/A/CoreServicesStore
0x00007fff41821000 	/System/Library/Frameworks/ServiceManagement.framework/Versions/A/ServiceManagement
0x00007fff49be0000 	/System/Library/PrivateFrameworks/BackgroundTaskManagement.framework/Versions/A/BackgroundTaskManagement
0x00007fff6e0de000 	/usr/lib/libxslt.1.dylib
0x00007fff48a83000 	/System/Library/PrivateFrameworks/AppleSystemInfo.framework/Versions/A/AppleSystemInfo
0x00007fff37c10000 	/System/Library/Frameworks/ImageIO.framework/Versions/A/Resources/libJPEG.dylib
0x00007fff37ecf000 	/System/Library/Frameworks/ImageIO.framework/Versions/A/Resources/libTIFF.dylib
0x00007fff37eb2000 	/System/Library/Frameworks/ImageIO.framework/Versions/A/Resources/libPng.dylib
0x00007fff37b52000 	/System/Library/Frameworks/ImageIO.framework/Versions/A/Resources/libGIF.dylib
0x00007fff37b56000 	/System/Library/Frameworks/ImageIO.framework/Versions/A/Resources/libJP2.dylib
0x00007fff37ecd000 	/System/Library/Frameworks/ImageIO.framework/Versions/A/Resources/libRadiance.dylib
0x00007fff6c95d000 	/usr/lib/libexpat.1.dylib
0x00007fff4856b000 	/System/Library/PrivateFrameworks/AppleJPEG.framework/Versions/A/AppleJPEG
0x00007fff5123c000 	/System/Library/PrivateFrameworks/FontServices.framework/libFontParser.dylib
0x00007fff67b0a000 	/System/Library/PrivateFrameworks/WatchdogClient.framework/Versions/A/WatchdogClient
0x00007fff59823000 	/System/Library/PrivateFrameworks/IOAccelerator.framework/Versions/A/IOAccelerator
0x00007fff3a3dc000 	/System/Library/Frameworks/MetalPerformanceShaders.framework/Versions/A/MetalPerformanceShaders
0x00007fff55fb9000 	/System/Library/PrivateFrameworks/GPUWrangler.framework/Versions/A/GPUWrangler
0x00007fff59838000 	/System/Library/PrivateFrameworks/IOPresentment.framework/Versions/A/IOPresentment
0x00007fff4eaa6000 	/System/Library/PrivateFrameworks/DSExternalDisplay.framework/Versions/A/DSExternalDisplay
0x00007fff3e9ec000 	/System/Library/Frameworks/OpenGL.framework/Versions/A/Libraries/libCoreFSCache.dylib
0x00007fff3a128000 	/System/Library/Frameworks/MetalPerformanceShaders.framework/Frameworks/MPSCore.framework/Versions/A/MPSCore
0x00007fff3a166000 	/System/Library/Frameworks/MetalPerformanceShaders.framework/Frameworks/MPSImage.framework/Versions/A/MPSImage
0x00007fff3a22d000 	/System/Library/Frameworks/MetalPerformanceShaders.framework/Frameworks/MPSNeuralNetwork.framework/Versions/A/MPSNeuralNetwork
0x00007fff3a1f1000 	/System/Library/Frameworks/MetalPerformanceShaders.framework/Frameworks/MPSMatrix.framework/Versions/A/MPSMatrix
0x00007fff3a38c000 	/System/Library/Frameworks/MetalPerformanceShaders.framework/Frameworks/MPSRayIntersector.framework/Versions/A/MPSRayIntersector
0x00007fff3a217000 	/System/Library/Frameworks/MetalPerformanceShaders.framework/Frameworks/MPSNDArray.framework/Versions/A/MPSNDArray
0x00007fff5b6a1000 	/System/Library/PrivateFrameworks/MetalTools.framework/Versions/A/MetalTools
0x00007fff47695000 	/System/Library/PrivateFrameworks/AggregateDictionary.framework/Versions/A/AggregateDictionary
0x00007fff4c439000 	/System/Library/PrivateFrameworks/CoreAnalytics.framework/Versions/A/CoreAnalytics
0x00007fff489a2000 	/System/Library/PrivateFrameworks/AppleSauce.framework/Versions/A/AppleSauce
0x00007fff6b91b000 	/usr/lib/libIOReport.dylib
0x00007fff36adc000 	/System/Library/Frameworks/CoreVideo.framework/Versions/A/CoreVideo
0x00007fff57432000 	/System/Library/PrivateFrameworks/GraphVisualizer.framework/Versions/A/GraphVisualizer
0x00007fff50782000 	/System/Library/PrivateFrameworks/FaceCore.framework/Versions/A/FaceCore
0x00007fff3e002000 	/System/Library/Frameworks/OpenCL.framework/Versions/A/OpenCL
0x00007fff6b73d000 	/usr/lib/libFosl_dynamic.dylib
0x00007fff5cb9f000 	/System/Library/PrivateFrameworks/OTSVG.framework/Versions/A/OTSVG
0x00007fff32c91000 	/System/Library/Frameworks/ApplicationServices.framework/Versions/A/Frameworks/ATS.framework/Versions/A/Resources/libFontRegistry.dylib
0x00007fff5140d000 	/System/Library/PrivateFrameworks/FontServices.framework/libhvf.dylib
0x00007fff3e9f7000 	/System/Library/Frameworks/OpenGL.framework/Versions/A/Libraries/libGFXShared.dylib
0x00007fff3ebd5000 	/System/Library/Frameworks/OpenGL.framework/Versions/A/Libraries/libGLU.dylib
0x00007fff3ea00000 	/System/Library/Frameworks/OpenGL.framework/Versions/A/Libraries/libGL.dylib
0x00007fff3ea0b000 	/System/Library/Frameworks/OpenGL.framework/Versions/A/Libraries/libGLImage.dylib
0x00007fff3e9e9000 	/System/Library/Frameworks/OpenGL.framework/Versions/A/Libraries/libCVMSPluginSupport.dylib
0x00007fff3e9f2000 	/System/Library/Frameworks/OpenGL.framework/Versions/A/Libraries/libCoreVMClient.dylib
0x00007fff6d3af000 	/usr/lib/libncurses.5.4.dylib
0x00007fff32b8d000 	/System/Library/Frameworks/ApplicationServices.framework/Versions/A/Frameworks/ATS.framework/Versions/A/ATS
0x00007fff32d5a000 	/System/Library/Frameworks/ApplicationServices.framework/Versions/A/Frameworks/ColorSyncLegacy.framework/Versions/A/ColorSyncLegacy
0x00007fff32df8000 	/System/Library/Frameworks/ApplicationServices.framework/Versions/A/Frameworks/HIServices.framework/Versions/A/HIServices
0x00007fff32e50000 	/System/Library/Frameworks/ApplicationServices.framework/Versions/A/Frameworks/LangAnalysis.framework/Versions/A/LangAnalysis
0x00007fff32e5f000 	/System/Library/Frameworks/ApplicationServices.framework/Versions/A/Frameworks/PrintCore.framework/Versions/A/PrintCore
0x00007fff32ea5000 	/System/Library/Frameworks/ApplicationServices.framework/Versions/A/Frameworks/QD.framework/Versions/A/QD
0x00007fff32eb0000 	/System/Library/Frameworks/ApplicationServices.framework/Versions/A/Frameworks/SpeechSynthesis.framework/Versions/A/SpeechSynthesis
0x00007fff32d2a000 	/System/Library/Frameworks/ApplicationServices.framework/Versions/A/Frameworks/ATSUI.framework/Versions/A/ATSUI
0x00007fff6c7f3000 	/usr/lib/libcups.2.dylib
0x00007fff39477000 	/System/Library/Frameworks/Kerberos.framework/Versions/A/Kerberos
0x00007fff375b8000 	/System/Library/Frameworks/GSS.framework/Versions/A/GSS
0x00007fff6db32000 	/usr/lib/libresolv.9.dylib
0x00007fff575df000 	/System/Library/PrivateFrameworks/Heimdal.framework/Versions/A/Heimdal
0x00007fff3948a000 	/System/Library/Frameworks/Kerberos.framework/Versions/A/Libraries/libHeimdalProxy.dylib
0x00007fff6c99a000 	/usr/lib/libheimdal-asn1.dylib
0x00007fff4b8d1000 	/System/Library/PrivateFrameworks/CommonAuth.framework/Versions/A/CommonAuth
0x00007fff48b20000 	/System/Library/PrivateFrameworks/AssertionServices.framework/Versions/A/AssertionServices
0x00007fff496c3000 	/System/Library/PrivateFrameworks/AudioToolboxCore.framework/Versions/A/AudioToolboxCore
0x00007fff687b8000 	/System/Library/PrivateFrameworks/caulk.framework/Versions/A/caulk
0x00007fff49c8c000 	/System/Library/PrivateFrameworks/BaseBoard.framework/Versions/A/BaseBoard
0x00007fff60e02000 	/System/Library/PrivateFrameworks/RunningBoardServices.framework/Versions/A/RunningBoardServices
0x00007fff5de13000 	/System/Library/PrivateFrameworks/PersistentConnection.framework/Versions/A/PersistentConnection
0x00007fff607fb000 	/System/Library/PrivateFrameworks/ProtocolBuffer.framework/Versions/A/ProtocolBuffer
0x00007fff4b8f5000 	/System/Library/PrivateFrameworks/CommonUtilities.framework/Versions/A/CommonUtilities
0x00007fff49e1a000 	/System/Library/PrivateFrameworks/Bom.framework/Versions/A/Bom
0x00007fff6b5ee000 	/usr/lib/libAudioToolboxUtility.dylib
0x00007fff49bea000 	/System/Library/PrivateFrameworks/Backup.framework/Versions/A/Backup
0x00007fff4e9c7000 	/System/Library/PrivateFrameworks/CrashReporterSupport.framework/Versions/A/CrashReporterSupport
0x00007fff62894000 	/System/Library/PrivateFrameworks/Sharing.framework/Versions/A/Sharing
0x00007fff4812e000 	/System/Library/PrivateFrameworks/Apple80211.framework/Versions/A/Apple80211
0x00007fff49907000 	/System/Library/PrivateFrameworks/AuthKit.framework/Versions/A/AuthKit
0x00007fff4e6d4000 	/System/Library/PrivateFrameworks/CoreUtils.framework/Versions/A/CoreUtils
0x00007fff36b21000 	/System/Library/Frameworks/CoreWLAN.framework/Versions/A/CoreWLAN
0x00007fff37745000 	/System/Library/Frameworks/IOBluetooth.framework/Versions/A/IOBluetooth
0x00007fff5b9ce000 	/System/Library/PrivateFrameworks/MobileKeyBag.framework/Versions/A/MobileKeyBag
0x00007fff4d4d9000 	/System/Library/PrivateFrameworks/CorePhoneNumbers.framework/Versions/A/CorePhoneNumbers
0x00007fff4851e000 	/System/Library/PrivateFrameworks/AppleIDAuthSupport.framework/Versions/A/AppleIDAuthSupport
0x00007fff3b479000 	/System/Library/Frameworks/Network.framework/Versions/A/Network
0x00007fff5a074000 	/System/Library/PrivateFrameworks/KeychainCircle.framework/Versions/A/KeychainCircle
0x00007fff34572000 	/System/Library/Frameworks/CoreBluetooth.framework/Versions/A/CoreBluetooth
0x00007fff64913000 	/System/Library/PrivateFrameworks/SpeechRecognitionCore.framework/Versions/A/SpeechRecognitionCore
0x0000000107a00000 	/Applications/Android Studio.app/Contents/jre/jdk/Contents/Home/jre/lib/server/libjvm.dylib
0x00007fff6deb4000 	/usr/lib/libstdc++.6.dylib
0x00000001071c0000 	/Applications/Android Studio.app/Contents/jre/jdk/Contents/Home/jre/lib/libverify.dylib
0x00000001088b8000 	/Applications/Android Studio.app/Contents/jre/jdk/Contents/Home/jre/lib/libjava.dylib
0x00000001071dc000 	/Applications/Android Studio.app/Contents/jre/jdk/Contents/Home/jre/lib/libzip.dylib
0x000000010922e000 	/Applications/Android Studio.app/Contents/jre/jdk/Contents/Home/jre/lib/libnio.dylib
0x0000000109249000 	/Applications/Android Studio.app/Contents/jre/jdk/Contents/Home/jre/lib/libnet.dylib
0x000000011e053000 	/Users/enter/.gradle/native/30/osx-amd64/libnative-platform.dylib
0x000000011e390000 	/Applications/Android Studio.app/Contents/jre/jdk/Contents/Home/jre/lib/libmanagement.dylib
0x00000001225dc000 	/private/var/folders/xx/v2447q5d4w35rjgg3rwzn4jr0000gn/T/native-platform3331162505535667361dir/libnative-platform.dylib

VM Arguments:
jvm_args: -Xmx1536M -Dfile.encoding=UTF-8 -Duser.country=CA -Duser.language=en -Duser.variant 
java_command: org.gradle.launcher.daemon.bootstrap.GradleDaemon 5.6.2
java_class_path (initial): /Users/enter/.gradle/wrapper/dists/gradle-5.6.2-all/9st6wgf78h16so49nn74lgtbb/gradle-5.6.2/lib/gradle-launcher-5.6.2.jar
Launcher Type: SUN_STANDARD

Environment Variables:
JAVA_HOME=/Applications/Android Studio.app/Contents/jre/jdk/Contents/Home
PATH=/usr/local/bin:/usr/bin:/bin:/usr/sbin:/sbin:/Library/Apple/usr/bin:/Users/enter/Documents/FlutterSDK/bin
SHELL=/bin/zsh

Signal Handlers:
SIGSEGV: [libjvm.dylib+0x565c43], sa_mask[0]=11111111011111110111111111111111, sa_flags=SA_ONSTACK|SA_RESTART|SA_SIGINFO
SIGBUS: [libjvm.dylib+0x565c43], sa_mask[0]=11111111011111110111111111111111, sa_flags=SA_RESTART|SA_SIGINFO
SIGFPE: [libjvm.dylib+0x45dd9d], sa_mask[0]=11111111011111110111111111111111, sa_flags=SA_RESTART|SA_SIGINFO
SIGPIPE: [libjvm.dylib+0x45dd9d], sa_mask[0]=11111111011111110111111111111111, sa_flags=SA_RESTART|SA_SIGINFO
SIGXFSZ: [libjvm.dylib+0x45dd9d], sa_mask[0]=11111111011111110111111111111111, sa_flags=SA_RESTART|SA_SIGINFO
SIGILL: [libjvm.dylib+0x45dd9d], sa_mask[0]=11111111011111110111111111111111, sa_flags=SA_RESTART|SA_SIGINFO
SIGUSR1: SIG_DFL, sa_mask[0]=00000000000000000000000000000000, sa_flags=none
SIGUSR2: [libjvm.dylib+0x45e69c], sa_mask[0]=00100000000000000000010000000000, sa_flags=SA_RESTART|SA_SIGINFO
SIGHUP: [libjvm.dylib+0x45c8c1], sa_mask[0]=11111111011111110111111111111111, sa_flags=SA_RESTART|SA_SIGINFO
SIGINT: [libjvm.dylib+0x45c8c1], sa_mask[0]=11111111011111110111111111111111, sa_flags=SA_RESTART|SA_SIGINFO
SIGTERM: [libjvm.dylib+0x45c8c1], sa_mask[0]=11111111011111110111111111111111, sa_flags=SA_RESTART|SA_SIGINFO
SIGQUIT: [libjvm.dylib+0x45c8c1], sa_mask[0]=11111111011111110111111111111111, sa_flags=SA_RESTART|SA_SIGINFO


---------------  S Y S T E M  ---------------

OS:Bsduname:Darwin 19.6.0 Darwin Kernel Version 19.6.0: Mon Aug 31 22:12:52 PDT 2020; root:xnu-6153.141.2~1/RELEASE_X86_64 x86_64
rlimit: STACK 8192k, CORE 0k, NPROC 1392, NOFILE 10240, AS infinity
load average:151.31 63.23 35.85

CPU:total 4 (initial active 4) (4 cores per cpu, 1 threads per core) family 6 model 158 stepping 10, cmov, cx8, fxsr, mmx, sse, sse2, sse3, ssse3, sse4.1, sse4.2, popcnt, avx, avx2, aes, clmul, erms, 3dnowpref, lzcnt, tsc, tscinvbit, bmi1, bmi2, adx

Memory: 4k page, physical 8388608k(414560k free)

/proc/meminfo:


vm_info: OpenJDK 64-Bit Server VM (25.242-b3-6222593) for bsd-amd64 JRE (1.8.0_242-release-1644-b3-6222593), built by "android-build" with gcc 4.2.1 Compatible Android (5484270 based on r353983c) Clang 9.0.3 (https://android.googlesource.com/toolchain/clang 745b335211bb9eadfa6aa6301f84715cee4b37c5) (https://android.googlesource.com/toolchain/llvm 60cf23e54e46c807513f7a36d0a7b777920b5881)

time: Wed Sep 30 09:26:51 2020
timezone: PDT
elapsed time: 1162 seconds (0d 0h 19m 22s)

