#
# A fatal error has been detected by the Java Runtime Environment:
#
#  SIGSEGV (0xb) at pc=0x0000000110894cba, pid=5496, tid=0x0000000000001c03
#
# JRE version: OpenJDK Runtime Environment (8.0_242) (build 1.8.0_242-release-1644-b3-6222593)
# Java VM: OpenJDK 64-Bit Server VM (25.242-b3-6222593 mixed mode bsd-amd64 compressed oops)
# Problematic frame:
# V  [libjvm.dylib+0x494cba]
#
# Failed to write core dump. Core dumps have been disabled. To enable core dumping, try "ulimit -c unlimited" before starting Java again
#
# If you would like to submit a bug report, please visit:
#   http://bugreport.java.com/bugreport/crash.jsp
#

---------------  T H R E A D  ---------------

Current thread (0x00007fc48a00d000):  GCTaskThread [stack: 0x000070000d831000,0x000070000d931000] [id=7171]

siginfo: si_signo: 11 (SIGSEGV), si_code: 0 (unknown), si_addr: 0x0000000000000000

Registers:
RAX=0x000000010fb67000, RBX=0x0000000000080000, RCX=0x00009ffffffb6405, RDX=0x0000000110c00d10
RSP=0x000070000d930c80, RBP=0x000070000d930cb0, RSI=0x0000000000080000, RDI=0x0000000110c27530
R8 =0x0000000000000000, R9 =0x0000000000009cd5, R10=0x0000000000273540, R11=0xffffffffffc4aec0
R12=0x0000000760fdd7e8, R13=0x0000000110c112c8, R14=0x00000000000007d2, R15=0x0000000110c27530
RIP=0x0000000110894cba, EFLAGS=0x0000000000010a02, ERR=0x0000000000000000
  TRAPNO=0x000000000000000d

Top of Stack: (sp=0x000070000d930c80)
0x000070000d930c80:   0000000110c27530 00000007c0001868
0x000070000d930c90:   0000000760fd9ed4 0000000760fdd7e8
0x000070000d930ca0:   00000000000007d2 0000000110c27530
0x000070000d930cb0:   000070000d930cf0 000000011084fba0
0x000070000d930cc0:   0000000760fd9958 000070000d930d60
0x000070000d930cd0:   0000000000280000 000000000000a000
0x000070000d930ce0:   00000000000007d2 0000000110c273f8
0x000070000d930cf0:   000070000d930d10 0000000110898f7b
0x000070000d930d00:   0000000000272524 0000000000280000
0x000070000d930d10:   000070000d930d50 000000011086b695
0x000070000d930d20:   000070000d930d60 0000000110c00d18
0x000070000d930d30:   00007fc488f10990 0000000761400000
0x000070000d930d40:   0000000761cf2a20 000070000d930d60
0x000070000d930d50:   000070000d930df0 0000000110898b41
0x000070000d930d60:   0000000110bf83c0 0000000110c273f8
0x000070000d930d70:   00007fc488f10990 0000000000004cd5
0x000070000d930d80:   000000076138ea98 00007fc488f07030
0x000070000d930d90:   0000000760fd9958 0000000761cf2a20
0x000070000d930da0:   000000010fb67000 000000000000009b
0x000070000d930db0:   0000000000000027 00007fc488f10990
0x000070000d930dc0:   000000000d930e20 0000000000000009
0x000070000d930dd0:   0000000110c21ffb 0000000110c268a0
0x000070000d930de0:   000070000d930e08 00007fc488f10990
0x000070000d930df0:   000070000d930e40 000000011088fe0a
0x000070000d930e00:   00007fc48fe71560 0000001a00000009
0x000070000d930e10:   000000000000001f 0000000000000004
0x000070000d930e20:   0000000110c22162 00007fc488f10990
0x000070000d930e30:   0000000000000002 0000000000000002
0x000070000d930e40:   000070000d930e80 000000011088164c
0x000070000d930e50:   0000000410bf7ba8 00007fc48a00d000
0x000070000d930e60:   00007fc48fe71560 00000001109cd924
0x000070000d930e70:   0000000000000000 0000000000000001 

Instructions: (pc=0x0000000110894cba)
0x0000000110894c9a:   41 57 41 56 41 54 53 48 83 ec 10 48 89 f3 48 89
0x0000000110894caa:   f1 48 2b 0f 48 c1 e9 13 48 8b 47 18 48 8d 0c 89
0x0000000110894cba:   4c 8b 3c c8 8b 54 c8 18 8b 74 c8 1c 81 e6 ff ff
0x0000000110894cca:   ff 07 48 01 d6 48 81 fe 00 00 01 00 75 08 c1 eb 

Register to memory mapping:

RAX=0x000000010fb67000 is an unknown value
RBX=0x0000000000080000 is an unknown value
RCX=0x00009ffffffb6405 is an unknown value
RDX=0x0000000110c00d10: MinObjAlignment+0 in /Applications/Android Studio.app/Contents/jre/jdk/Contents/Home/jre/lib/server/libjvm.dylib at 0x0000000110400000
RSP=0x000070000d930c80 is an unknown value
RBP=0x000070000d930cb0 is an unknown value
RSI=0x0000000000080000 is an unknown value
RDI=0x0000000110c27530: _ZN17PSParallelCompact13_summary_dataE+0 in /Applications/Android Studio.app/Contents/jre/jdk/Contents/Home/jre/lib/server/libjvm.dylib at 0x0000000110400000
R8 =0x0000000000000000 is an unknown value
R9 =0x0000000000009cd5 is an unknown value
R10=0x0000000000273540 is an unknown value
R11=0xffffffffffc4aec0 is an unknown value
R12=
[error occurred during error reporting (printing register info), id 0xb]

Stack: [0x000070000d831000,0x000070000d931000],  sp=0x000070000d930c80,  free space=1023k
Native frames: (J=compiled Java code, j=interpreted, Vv=VM code, C=native code)
V  [libjvm.dylib+0x494cba]
V  [libjvm.dylib+0x44fba0]
V  [libjvm.dylib+0x498f7b]
V  [libjvm.dylib+0x46b695]
V  [libjvm.dylib+0x498b41]
V  [libjvm.dylib+0x48fe0a]
V  [libjvm.dylib+0x48164c]
V  [libjvm.dylib+0x25a011]
V  [libjvm.dylib+0x45b9eb]
C  [libsystem_pthread.dylib+0x6109]  _pthread_start+0x94
C  [libsystem_pthread.dylib+0x1b8b]  thread_start+0xf


---------------  P R O C E S S  ---------------

Java Threads: ( => current thread )
  0x00007fc48fe48000 JavaThread "Cache worker for file content cache (/Users/enter/Documents/FlutterProjects/programmingblogdesign/android/.gradle/5.6.2/fileContent)" [_thread_blocked, id=24579, stack(0x000070000fca0000,0x000070000fda0000)]
  0x00007fc48fb74800 JavaThread "Cache worker for file content cache (/Users/enter/.gradle/caches/5.6.2/fileContent)" [_thread_blocked, id=37123, stack(0x000070000fb9d000,0x000070000fc9d000)]
  0x00007fc48aa66800 JavaThread "Memory manager" [_thread_blocked, id=37635, stack(0x000070000fa9a000,0x000070000fb9a000)]
  0x00007fc491ada000 JavaThread "Cache worker for Build Output Cleanup Cache (/Users/enter/Documents/FlutterProjects/programmingblogdesign/android/.gradle/buildOutputCleanup)" [_thread_blocked, id=38147, stack(0x000070000f997000,0x000070000fa97000)]
  0x00007fc48d433800 JavaThread "Build operations Thread 4" [_thread_blocked, id=38403, stack(0x000070000f894000,0x000070000f994000)]
  0x00007fc49086d000 JavaThread "Build operations Thread 3" [_thread_blocked, id=38915, stack(0x000070000f791000,0x000070000f891000)]
  0x00007fc48a65c000 JavaThread "Build operations Thread 2" [_thread_blocked, id=24067, stack(0x000070000f68e000,0x000070000f78e000)]
  0x00007fc48d24e000 JavaThread "Build operations" [_thread_blocked, id=23555, stack(0x000070000f58b000,0x000070000f68b000)]
  0x00007fc48f2e9800 JavaThread "Cache worker for execution history cache (/Users/enter/.gradle/caches/5.6.2/executionHistory)" [_thread_blocked, id=39683, stack(0x000070000f488000,0x000070000f588000)]
  0x00007fc491afd000 JavaThread "Cache worker for cache directory md-rule (/Users/enter/.gradle/caches/5.6.2/md-rule)" [_thread_blocked, id=39939, stack(0x000070000f385000,0x000070000f485000)]
  0x00007fc48f2ea800 JavaThread "Cache worker for cache directory md-supplier (/Users/enter/.gradle/caches/5.6.2/md-supplier)" [_thread_blocked, id=40451, stack(0x000070000f282000,0x000070000f382000)]
  0x00007fc48a1d4000 JavaThread "Cache worker for file hash cache (/Users/enter/Documents/FlutterProjects/programmingblogdesign/android/.gradle/5.6.2/fileHashes)" [_thread_blocked, id=40963, stack(0x000070000f17f000,0x000070000f27f000)]
  0x00007fc48aacd000 JavaThread "Cache worker for journal cache (/Users/enter/.gradle/caches/journal-1)" [_thread_blocked, id=41475, stack(0x000070000f07c000,0x000070000f17c000)]
  0x00007fc489212000 JavaThread "File lock request listener" [_thread_in_native, id=41731, stack(0x000070000ef79000,0x000070000f079000)]
  0x00007fc489b09000 JavaThread "Cache worker for file hash cache (/Users/enter/.gradle/caches/5.6.2/fileHashes)" [_thread_blocked, id=12295, stack(0x000070000ee76000,0x000070000ef76000)]
  0x00007fc48995b800 JavaThread "Thread-9" [_thread_blocked, id=22787, stack(0x000070000ed73000,0x000070000ee73000)]
  0x00007fc48a854800 JavaThread "Stdin handler" [_thread_blocked, id=42499, stack(0x000070000ec70000,0x000070000ed70000)]
  0x00007fc48995b000 JavaThread "Asynchronous log dispatcher for DefaultDaemonConnection: socket connection from /0:0:0:0:0:0:0:1:52327 to /0:0:0:0:0:0:0:1:52328" [_thread_blocked, id=22275, stack(0x000070000eb6d000,0x000070000ec6d000)]
  0x00007fc4898e8000 JavaThread "Daemon worker" [_thread_blocked, id=43267, stack(0x000070000ea6a000,0x000070000eb6a000)]
  0x00007fc48911a000 JavaThread "Cancel handler" [_thread_blocked, id=21763, stack(0x000070000e967000,0x000070000ea67000)]
  0x00007fc489d61800 JavaThread "Handler for socket connection from /0:0:0:0:0:0:0:1:52327 to /0:0:0:0:0:0:0:1:52328" [_thread_in_native, id=15619, stack(0x000070000e864000,0x000070000e964000)]
  0x00007fc489178000 JavaThread "Daemon" [_thread_blocked, id=15875, stack(0x000070000e761000,0x000070000e861000)]
  0x00007fc489dbc800 JavaThread "Daemon periodic checks" [_thread_blocked, id=16131, stack(0x000070000e65e000,0x000070000e75e000)]
  0x00007fc48a31a000 JavaThread "Incoming local TCP Connector on port 52327" [_thread_in_native, id=16643, stack(0x000070000e55b000,0x000070000e65b000)]
  0x00007fc48a497800 JavaThread "Daemon health stats" [_thread_blocked, id=14595, stack(0x000070000e458000,0x000070000e558000)]
  0x00007fc48981c000 JavaThread "Service Thread" daemon [_thread_blocked, id=17411, stack(0x000070000e252000,0x000070000e352000)]
  0x00007fc48a00c000 JavaThread "C1 CompilerThread2" daemon [_thread_blocked, id=17667, stack(0x000070000e14f000,0x000070000e24f000)]
  0x00007fc48a831000 JavaThread "C2 CompilerThread1" daemon [_thread_in_native, id=13571, stack(0x000070000e04c000,0x000070000e14c000)]
  0x00007fc48981b800 JavaThread "C2 CompilerThread0" daemon [_thread_blocked, id=18179, stack(0x000070000df49000,0x000070000e049000)]
  0x00007fc489019000 JavaThread "Signal Dispatcher" daemon [_thread_blocked, id=12803, stack(0x000070000de46000,0x000070000df46000)]
  0x00007fc48981a800 JavaThread "Finalizer" daemon [_thread_blocked, id=11523, stack(0x000070000dc3d000,0x000070000dd3d000)]
  0x00007fc489818000 JavaThread "Reference Handler" daemon [_thread_blocked, id=20995, stack(0x000070000db3a000,0x000070000dc3a000)]
  0x00007fc489009800 JavaThread "main" [_thread_blocked, id=3331, stack(0x000070000d528000,0x000070000d628000)]

Other Threads:
  0x00007fc48a82e000 VMThread [stack: 0x000070000da37000,0x000070000db37000] [id=11011]
  0x00007fc489809800 WatcherThread [stack: 0x000070000e355000,0x000070000e455000] [id=14083]

=>0x00007fc48a00d000 (exited) GCTaskThread [stack: 0x000070000d831000,0x000070000d931000] [id=7171]

VM state:at safepoint (normal execution)

VM Mutex/Monitor currently owned by a thread:  ([mutex/lock_event])
[0x00007fc488f05260] Threads_lock - owner thread: 0x00007fc48a82e000
[0x00007fc488f05760] Heap_lock - owner thread: 0x00007fc4898e8000

heap address: 0x0000000760000000, size: 1536 MB, Compressed Oops mode: Zero based, Oop shift amount: 3
Narrow klass base: 0x0000000000000000, Narrow klass shift: 3
Compressed class space size: 1073741824 Address: 0x00000007c0000000

Heap:
 PSYoungGen      total 123392K, used 13303K [0x00000007a0000000, 0x00000007aa200000, 0x00000007c0000000)
  eden space 110080K, 0% used [0x00000007a0000000,0x00000007a0000000,0x00000007a6b80000)
  from space 13312K, 99% used [0x00000007a6b80000,0x00000007a787deb8,0x00000007a7880000)
  to   space 15360K, 0% used [0x00000007a9300000,0x00000007a9300000,0x00000007aa200000)
 ParOldGen       total 91136K, used 29642K [0x0000000760000000, 0x0000000765900000, 0x00000007a0000000)
  object space 91136K, 32% used [0x0000000760000000,0x0000000761cf2a20,0x0000000765900000)
 Metaspace       used 57126K, capacity 58930K, committed 58968K, reserved 1099776K
  class space    used 7792K, capacity 8282K, committed 8320K, reserved 1048576K

Card table byte_map: [0x0000000111678000,0x0000000111979000] byte_map_base: 0x000000010db78000

Marking Bits: (ParMarkBitMap*) 0x0000000110c273f8
 Begin Bits: [0x0000000111b79000, 0x0000000113379000)
 End Bits:   [0x0000000113379000, 0x0000000114b79000)

Polling page: 0x000000010fb0e000

CodeCache: size=245760Kb used=16698Kb max_used=16728Kb free=229061Kb
 bounds [0x000000011ad85000, 0x000000011bde5000, 0x0000000129d85000]
 total_blobs=5936 nmethods=5145 adapters=704
 compilation: enabled

Compilation events (10 events):
Event: 37.776 Thread 0x00007fc48a00c000 5680   !   2       java.net.URLClassLoader$1::run (63 bytes)
Event: 37.778 Thread 0x00007fc48a00c000 nmethod 5680 0x000000011bdd0b10 code [0x000000011bdd0cc0, 0x000000011bdd0fe8]
Event: 37.864 Thread 0x00007fc48a00c000 5681       2       java.util.logging.LogManager::getProperty (9 bytes)
Event: 37.864 Thread 0x00007fc48a00c000 nmethod 5681 0x000000011bdd1290 code [0x000000011bdd1400, 0x000000011bdd1588]
Event: 37.917 Thread 0x00007fc48a00c000 5682   !   2       java.lang.Class::desiredAssertionStatus (54 bytes)
Event: 37.918 Thread 0x00007fc48a00c000 nmethod 5682 0x000000011bdd1990 code [0x000000011bdd1b60, 0x000000011bdd2158]
Event: 38.188 Thread 0x00007fc48a00c000 5684       2       java.util.logging.LogManager$LoggerContext::requiresDefaultLoggers (29 bytes)
Event: 38.188 Thread 0x00007fc48a00c000 nmethod 5684 0x000000011bdd9f10 code [0x000000011bdda080, 0x000000011bdda228]
Event: 38.197 Thread 0x00007fc48981b800 nmethod 5562 0x000000011bdda310 code [0x000000011bdda820, 0x000000011bddf480]
Event: 38.197 Thread 0x00007fc48981b800 5638       4       java.security.SecureClassLoader::defineClass (16 bytes)

GC Heap History (10 events):
Event: 19.053 GC heap after
Heap after GC invocations=13 (full 2):
 PSYoungGen      total 82432K, used 0K [0x00000007a0000000, 0x00000007a7100000, 0x00000007c0000000)
  eden space 72704K, 0% used [0x00000007a0000000,0x00000007a0000000,0x00000007a4700000)
  from space 9728K, 0% used [0x00000007a4700000,0x00000007a4700000,0x00000007a5080000)
  to   space 9728K, 0% used [0x00000007a6780000,0x00000007a6780000,0x00000007a7100000)
 ParOldGen       total 91136K, used 17553K [0x0000000760000000, 0x0000000765900000, 0x00000007a0000000)
  object space 91136K, 19% used [0x0000000760000000,0x00000007611247f8,0x0000000765900000)
 Metaspace       used 34556K, capacity 35360K, committed 35416K, reserved 1079296K
  class space    used 4718K, capacity 4973K, committed 4992K, reserved 1048576K
}
Event: 22.564 GC heap before
{Heap before GC invocations=14 (full 2):
 PSYoungGen      total 82432K, used 72704K [0x00000007a0000000, 0x00000007a7100000, 0x00000007c0000000)
  eden space 72704K, 100% used [0x00000007a0000000,0x00000007a4700000,0x00000007a4700000)
  from space 9728K, 0% used [0x00000007a4700000,0x00000007a4700000,0x00000007a5080000)
  to   space 9728K, 0% used [0x00000007a6780000,0x00000007a6780000,0x00000007a7100000)
 ParOldGen       total 91136K, used 17553K [0x0000000760000000, 0x0000000765900000, 0x00000007a0000000)
  object space 91136K, 19% used [0x0000000760000000,0x00000007611247f8,0x0000000765900000)
 Metaspace       used 42209K, capacity 43262K, committed 43352K, reserved 1087488K
  class space    used 5684K, capacity 5975K, committed 6016K, reserved 1048576K
Event: 22.582 GC heap after
Heap after GC invocations=14 (full 2):
 PSYoungGen      total 99328K, used 9234K [0x00000007a0000000, 0x00000007a7100000, 0x00000007c0000000)
  eden space 89600K, 0% used [0x00000007a0000000,0x00000007a0000000,0x00000007a5780000)
  from space 9728K, 94% used [0x00000007a6780000,0x00000007a7084bd8,0x00000007a7100000)
  to   space 10752K, 0% used [0x00000007a5c00000,0x00000007a5c00000,0x00000007a6680000)
 ParOldGen       total 91136K, used 17561K [0x0000000760000000, 0x0000000765900000, 0x00000007a0000000)
  object space 91136K, 19% used [0x0000000760000000,0x00000007611267f8,0x0000000765900000)
 Metaspace       used 42209K, capacity 43262K, committed 43352K, reserved 1087488K
  class space    used 5684K, capacity 5975K, committed 6016K, reserved 1048576K
}
Event: 25.765 GC heap before
{Heap before GC invocations=15 (full 2):
 PSYoungGen      total 99328K, used 98834K [0x00000007a0000000, 0x00000007a7100000, 0x00000007c0000000)
  eden space 89600K, 100% used [0x00000007a0000000,0x00000007a5780000,0x00000007a5780000)
  from space 9728K, 94% used [0x00000007a6780000,0x00000007a7084bd8,0x00000007a7100000)
  to   space 10752K, 0% used [0x00000007a5c00000,0x00000007a5c00000,0x00000007a6680000)
 ParOldGen       total 91136K, used 17561K [0x0000000760000000, 0x0000000765900000, 0x00000007a0000000)
  object space 91136K, 19% used [0x0000000760000000,0x00000007611267f8,0x0000000765900000)
 Metaspace       used 46165K, capacity 47334K, committed 47576K, reserved 1089536K
  class space    used 6200K, capacity 6552K, committed 6656K, reserved 1048576K
Event: 25.786 GC heap after
Heap after GC invocations=15 (full 2):
 PSYoungGen      total 104960K, used 10743K [0x00000007a0000000, 0x00000007a8500000, 0x00000007c0000000)
  eden space 94208K, 0% used [0x00000007a0000000,0x00000007a0000000,0x00000007a5c00000)
  from space 10752K, 99% used [0x00000007a5c00000,0x00000007a667dd38,0x00000007a6680000)
  to   space 12800K, 0% used [0x00000007a7880000,0x00000007a7880000,0x00000007a8500000)
 ParOldGen       total 91136K, used 19946K [0x0000000760000000, 0x0000000765900000, 0x00000007a0000000)
  object space 91136K, 21% used [0x0000000760000000,0x000000076137aa98,0x0000000765900000)
 Metaspace       used 46165K, capacity 47334K, committed 47576K, reserved 1089536K
  class space    used 6200K, capacity 6552K, committed 6656K, reserved 1048576K
}
Event: 31.806 GC heap before
{Heap before GC invocations=16 (full 2):
 PSYoungGen      total 104960K, used 104951K [0x00000007a0000000, 0x00000007a8500000, 0x00000007c0000000)
  eden space 94208K, 100% used [0x00000007a0000000,0x00000007a5c00000,0x00000007a5c00000)
  from space 10752K, 99% used [0x00000007a5c00000,0x00000007a667dd38,0x00000007a6680000)
  to   space 12800K, 0% used [0x00000007a7880000,0x00000007a7880000,0x00000007a8500000)
 ParOldGen       total 91136K, used 19946K [0x0000000760000000, 0x0000000765900000, 0x00000007a0000000)
  object space 91136K, 21% used [0x0000000760000000,0x000000076137aa98,0x0000000765900000)
 Metaspace       used 53382K, capacity 55148K, committed 55384K, reserved 1097728K
  class space    used 7260K, capacity 7740K, committed 7808K, reserved 1048576K
Event: 31.853 GC heap after
Heap after GC invocations=16 (full 2):
 PSYoungGen      total 122880K, used 10927K [0x00000007a0000000, 0x00000007a8c00000, 0x00000007c0000000)
  eden space 110080K, 0% used [0x00000007a0000000,0x00000007a0000000,0x00000007a6b80000)
  from space 12800K, 85% used [0x00000007a7880000,0x00000007a832bea0,0x00000007a8500000)
  to   space 13312K, 0% used [0x00000007a6b80000,0x00000007a6b80000,0x00000007a7880000)
 ParOldGen       total 91136K, used 29554K [0x0000000760000000, 0x0000000765900000, 0x00000007a0000000)
  object space 91136K, 32% used [0x0000000760000000,0x0000000761cdca10,0x0000000765900000)
 Metaspace       used 53382K, capacity 55148K, committed 55384K, reserved 1097728K
  class space    used 7260K, capacity 7740K, committed 7808K, reserved 1048576K
}
Event: 38.197 GC heap before
{Heap before GC invocations=17 (full 2):
 PSYoungGen      total 122880K, used 107520K [0x00000007a0000000, 0x00000007a8c00000, 0x00000007c0000000)
  eden space 110080K, 87% used [0x00000007a0000000,0x00000007a5e54308,0x00000007a6b80000)
  from space 12800K, 85% used [0x00000007a7880000,0x00000007a832bea0,0x00000007a8500000)
  to   space 13312K, 0% used [0x00000007a6b80000,0x00000007a6b80000,0x00000007a7880000)
 ParOldGen       total 91136K, used 29554K [0x0000000760000000, 0x0000000765900000, 0x00000007a0000000)
  object space 91136K, 32% used [0x0000000760000000,0x0000000761cdca10,0x0000000765900000)
 Metaspace       used 57126K, capacity 58930K, committed 58968K, reserved 1099776K
  class space    used 7792K, capacity 8282K, committed 8320K, reserved 1048576K
Event: 38.235 GC heap after
Heap after GC invocations=17 (full 2):
 PSYoungGen      total 123392K, used 13303K [0x00000007a0000000, 0x00000007aa200000, 0x00000007c0000000)
  eden space 110080K, 0% used [0x00000007a0000000,0x00000007a0000000,0x00000007a6b80000)
  from space 13312K, 99% used [0x00000007a6b80000,0x00000007a787deb8,0x00000007a7880000)
  to   space 15360K, 0% used [0x00000007a9300000,0x00000007a9300000,0x00000007aa200000)
 ParOldGen       total 91136K, used 29642K [0x0000000760000000, 0x0000000765900000, 0x00000007a0000000)
  object space 91136K, 32% used [0x0000000760000000,0x0000000761cf2a20,0x0000000765900000)
 Metaspace       used 57126K, capacity 58930K, committed 58968K, reserved 1099776K
  class space    used 7792K, capacity 8282K, committed 8320K, reserved 1048576K
}
Event: 38.235 GC heap before
{Heap before GC invocations=18 (full 3):
 PSYoungGen      total 123392K, used 13303K [0x00000007a0000000, 0x00000007aa200000, 0x00000007c0000000)
  eden space 110080K, 0% used [0x00000007a0000000,0x00000007a0000000,0x00000007a6b80000)
  from space 13312K, 99% used [0x00000007a6b80000,0x00000007a787deb8,0x00000007a7880000)
  to   space 15360K, 0% used [0x00000007a9300000,0x00000007a9300000,0x00000007aa200000)
 ParOldGen       total 91136K, used 29642K [0x0000000760000000, 0x0000000765900000, 0x00000007a0000000)
  object space 91136K, 32% used [0x0000000760000000,0x0000000761cf2a20,0x0000000765900000)
 Metaspace       used 57126K, capacity 58930K, committed 58968K, reserved 1099776K
  class space    used 7792K, capacity 8282K, committed 8320K, reserved 1048576K

Deoptimization events (10 events):
Event: 34.519 Thread 0x00007fc4898e8000 Uncommon trap: reason=bimorphic action=maybe_recompile pc=0x000000011bbccc2c method=java.util.Arrays.binarySearch0([Ljava/lang/Object;IILjava/lang/Object;Ljava/util/Comparator;)I @ 48
Event: 34.519 Thread 0x00007fc4898e8000 Uncommon trap: reason=bimorphic action=maybe_recompile pc=0x000000011bbccc2c method=java.util.Arrays.binarySearch0([Ljava/lang/Object;IILjava/lang/Object;Ljava/util/Comparator;)I @ 48
Event: 34.519 Thread 0x00007fc4898e8000 Uncommon trap: reason=unstable_if action=reinterpret pc=0x000000011b8e8dc0 method=groovy.lang.MetaClassImpl$1MOPIter.methodNameAction(Ljava/lang/Class;Lorg/codehaus/groovy/runtime/metaclass/MetaMethodIndex$Entry;)V @ 277
Event: 36.861 Thread 0x00007fc4898e8000 Uncommon trap: reason=unstable_if action=reinterpret pc=0x000000011b67ba6c method=com.esotericsoftware.kryo.io.Input.require(I)I @ 65
Event: 37.052 Thread 0x00007fc4898e8000 Uncommon trap: reason=unstable_if action=reinterpret pc=0x000000011b9b0f08 method=java.util.TreeMap.put(Ljava/lang/Object;Ljava/lang/Object;)Ljava/lang/Object; @ 163
Event: 37.506 Thread 0x00007fc4898e8000 Uncommon trap: reason=bimorphic action=maybe_recompile pc=0x000000011b96aa64 method=java.util.regex.Pattern$5.isSatisfiedBy(I)Z @ 16
Event: 37.506 Thread 0x00007fc4898e8000 Uncommon trap: reason=bimorphic action=maybe_recompile pc=0x000000011b96aa64 method=java.util.regex.Pattern$5.isSatisfiedBy(I)Z @ 16
Event: 37.506 Thread 0x00007fc4898e8000 Uncommon trap: reason=bimorphic action=maybe_recompile pc=0x000000011b96aa64 method=java.util.regex.Pattern$5.isSatisfiedBy(I)Z @ 16
Event: 37.506 Thread 0x00007fc4898e8000 Uncommon trap: reason=bimorphic action=maybe_recompile pc=0x000000011b96aa64 method=java.util.regex.Pattern$5.isSatisfiedBy(I)Z @ 16
Event: 37.755 Thread 0x00007fc4898e8000 Uncommon trap: reason=unstable_if action=reinterpret pc=0x000000011b898768 method=java.util.jar.JarFile.maybeInstantiateVerifier()V @ 4

Classes redefined (0 events):
No events

Internal exceptions (10 events):
Event: 36.588 Thread 0x00007fc4898e8000 Exception <a 'java/lang/ClassNotFoundException': org/gradle/api/tasks/DeleteBeanInfo> (0x00000007a4a69b70) thrown at [/Volumes/Android/buildbot/src/googleplex-android/openjdk/out/hotspot/src/share/vm/classfile/systemDictionary.cpp, line 210]
Event: 36.700 Thread 0x00007fc4898e8000 Exception <a 'java/lang/ClassNotFoundException': org/gradle/api/tasks/DeleteCustomizer> (0x00000007a4a990a0) thrown at [/Volumes/Android/buildbot/src/googleplex-android/openjdk/out/hotspot/src/share/vm/classfile/systemDictionary.cpp, line 210]
Event: 36.703 Thread 0x00007fc4898e8000 Exception <a 'java/lang/ClassNotFoundException': org/gradle/api/tasks/Delete_DecoratedCustomizer> (0x00000007a4ae7bb0) thrown at [/Volumes/Android/buildbot/src/googleplex-android/openjdk/out/hotspot/src/share/vm/classfile/systemDictionary.cpp, line 210]
Event: 37.070 Thread 0x00007fc4898e8000 Exception <a 'java/lang/NoSuchMethodError': java.lang.Object.lambda$static$0(Ljava/util/Set;Ljava/util/Set;)Z> (0x00000007a507c560) thrown at [/Volumes/Android/buildbot/src/googleplex-android/openjdk/out/hotspot/src/share/vm/interpreter/linkResolver.cpp, 
Event: 37.070 Thread 0x00007fc4898e8000 Exception <a 'java/lang/NoSuchMethodError': java.lang.Object.lambda$static$1(Ljava/util/Set;Ljava/util/Set;)Z> (0x00000007a507f4d0) thrown at [/Volumes/Android/buildbot/src/googleplex-android/openjdk/out/hotspot/src/share/vm/interpreter/linkResolver.cpp, 
Event: 37.071 Thread 0x00007fc4898e8000 Exception <a 'java/lang/NoSuchMethodError': java.lang.Object.lambda$static$2(Ljava/util/Set;Ljava/util/Set;)Z> (0x00000007a5082010) thrown at [/Volumes/Android/buildbot/src/googleplex-android/openjdk/out/hotspot/src/share/vm/interpreter/linkResolver.cpp, 
Event: 37.071 Thread 0x00007fc4898e8000 Exception <a 'java/lang/NoSuchMethodError': java.lang.Object.lambda$static$3(Ljava/util/Set;Ljava/util/Set;)Z> (0x00000007a5084b50) thrown at [/Volumes/Android/buildbot/src/googleplex-android/openjdk/out/hotspot/src/share/vm/interpreter/linkResolver.cpp, 
Event: 37.071 Thread 0x00007fc4898e8000 Exception <a 'java/lang/NoSuchMethodError': java.lang.Object.lambda$static$4(Ljava/util/Set;Ljava/util/Set;)Z> (0x00000007a5087690) thrown at [/Volumes/Android/buildbot/src/googleplex-android/openjdk/out/hotspot/src/share/vm/interpreter/linkResolver.cpp, 
Event: 37.744 Thread 0x00007fc4898e8000 Exception <a 'java/lang/ClassNotFoundException': com/sun/org/glassfish/hk2/osgiresourcelocator/ServiceLoader> (0x00000007a56cfef8) thrown at [/Volumes/Android/buildbot/src/googleplex-android/openjdk/out/hotspot/src/share/vm/classfile/systemDictionary.cpp,
Event: 38.188 Thread 0x00007fc4898e8000 Exception <a 'java/lang/NullPointerException'> (0x00000007a5c47f70) thrown at [/Volumes/Android/buildbot/src/googleplex-android/openjdk/out/hotspot/src/share/vm/interpreter/linkResolver.cpp, line 1287]

Events (10 events):
Event: 38.187 loading class com/sun/xml/bind/v2/model/impl/RuntimeTypeInfoSetImpl done
Event: 38.187 loading class com/sun/xml/bind/v2/model/runtime/RuntimeTypeInfoSet
Event: 38.187 loading class com/sun/xml/bind/v2/model/runtime/RuntimeTypeInfoSet done
Event: 38.188 loading class com/sun/xml/bind/WhiteSpaceProcessor
Event: 38.188 loading class com/sun/xml/bind/WhiteSpaceProcessor done
Event: 38.189 loading class com/sun/xml/bind/v2/model/impl/Utils
Event: 38.189 loading class com/sun/xml/bind/v2/model/impl/Utils done
Event: 38.197 loading class com/sun/xml/bind/v2/model/nav/ReflectionNavigator
Event: 38.197 loading class com/sun/xml/bind/v2/model/nav/ReflectionNavigator done
Event: 38.197 Executing VM operation: CollectForMetadataAllocation


Dynamic libraries:
0x00007fff33c27000 	/System/Library/Frameworks/Cocoa.framework/Versions/A/Cocoa
0x00007fff41420000 	/System/Library/Frameworks/Security.framework/Versions/A/Security
0x00007fff32b8c000 	/System/Library/Frameworks/ApplicationServices.framework/Versions/A/ApplicationServices
0x00007fff6e107000 	/usr/lib/libz.1.dylib
0x00007fff6bbcb000 	/usr/lib/libSystem.B.dylib
0x00007fff34ac9000 	/System/Library/Frameworks/CoreFoundation.framework/Versions/A/CoreFoundation
0x00007fff37186000 	/System/Library/Frameworks/Foundation.framework/Versions/C/Foundation
0x00007fff6da2b000 	/usr/lib/libobjc.A.dylib
0x00007fff31d7c000 	/System/Library/Frameworks/AppKit.framework/Versions/C/AppKit
0x00007fff345ab000 	/System/Library/Frameworks/CoreData.framework/Versions/A/CoreData
0x00007fff65be0000 	/System/Library/PrivateFrameworks/UIFoundation.framework/Versions/A/UIFoundation
0x00007fff60c74000 	/System/Library/PrivateFrameworks/RemoteViewServices.framework/Versions/A/RemoteViewServices
0x00007fff6873b000 	/System/Library/PrivateFrameworks/XCTTargetBootstrap.framework/Versions/A/XCTTargetBootstrap
0x00007fff34996000 	/System/Library/Frameworks/CoreDisplay.framework/Versions/A/CoreDisplay
0x00007fff3a041000 	/System/Library/Frameworks/Metal.framework/Versions/A/Metal
0x00007fff4ec39000 	/System/Library/PrivateFrameworks/DesktopServicesPriv.framework/Versions/A/DesktopServicesPriv
0x00007fff6cd06000 	/usr/lib/liblangid.dylib
0x00007fff4dece000 	/System/Library/PrivateFrameworks/CoreSVG.framework/Versions/A/CoreSVG
0x00007fff63dd0000 	/System/Library/PrivateFrameworks/SkyLight.framework/Versions/A/SkyLight
0x00007fff34f4a000 	/System/Library/Frameworks/CoreGraphics.framework/Versions/A/CoreGraphics
0x00007fff30750000 	/System/Library/Frameworks/Accelerate.framework/Versions/A/Accelerate
0x00007fff6dff8000 	/usr/lib/libxml2.2.dylib
0x00007fff59bd7000 	/System/Library/PrivateFrameworks/IconServices.framework/Versions/A/IconServices
0x00007fff37965000 	/System/Library/Frameworks/IOSurface.framework/Versions/A/IOSurface
0x00007fff6b6f5000 	/usr/lib/libDiagnosticMessagesClient.dylib
0x00007fff4ea93000 	/System/Library/PrivateFrameworks/DFRFoundation.framework/Versions/A/DFRFoundation
0x00007fff6ca95000 	/usr/lib/libicucore.A.dylib
0x00007fff32ebe000 	/System/Library/Frameworks/AudioToolbox.framework/Versions/A/AudioToolbox
0x00007fff32fa1000 	/System/Library/Frameworks/AudioUnit.framework/Versions/A/AudioUnit
0x00007fff6bdcd000 	/usr/lib/libauto.dylib
0x00007fff4eb35000 	/System/Library/PrivateFrameworks/DataDetectorsCore.framework/Versions/A/DataDetectorsCore
0x00007fff33748000 	/System/Library/Frameworks/Carbon.framework/Versions/A/Frameworks/HIToolbox.framework/Versions/A/HIToolbox
0x00007fff4061a000 	/System/Library/Frameworks/QuartzCore.framework/Versions/A/QuartzCore
0x00007fff33a87000 	/System/Library/Frameworks/Carbon.framework/Versions/A/Frameworks/SpeechRecognition.framework/Versions/A/SpeechRecognition
0x00007fff4e5a7000 	/System/Library/PrivateFrameworks/CoreUI.framework/Versions/A/CoreUI
0x00007fff34016000 	/System/Library/Frameworks/CoreAudio.framework/Versions/A/CoreAudio
0x00007fff36e45000 	/System/Library/Frameworks/DiskArbitration.framework/Versions/A/DiskArbitration
0x00007fff5bc4f000 	/System/Library/PrivateFrameworks/MultitouchSupport.framework/Versions/A/MultitouchSupport
0x00007fff6c95c000 	/usr/lib/libenergytrace.dylib
0x00007fff378bf000 	/System/Library/Frameworks/IOKit.framework/Versions/A/IOKit
0x00007fff35eb1000 	/System/Library/Frameworks/CoreServices.framework/Versions/A/CoreServices
0x00007fff5de07000 	/System/Library/PrivateFrameworks/PerformanceAnalysis.framework/Versions/A/PerformanceAnalysis
0x00007fff3f64d000 	/System/Library/Frameworks/OpenGL.framework/Versions/A/OpenGL
0x00007fff33c35000 	/System/Library/Frameworks/ColorSync.framework/Versions/A/ColorSync
0x00007fff355cd000 	/System/Library/Frameworks/CoreImage.framework/Versions/A/CoreImage
0x00007fff36924000 	/System/Library/Frameworks/CoreText.framework/Versions/A/CoreText
0x00007fff379f5000 	/System/Library/Frameworks/ImageIO.framework/Versions/A/ImageIO
0x00007fff6beb1000 	/usr/lib/libc++.1.dylib
0x00007fff6bf2d000 	/usr/lib/libcompression.dylib
0x00007fff6ba39000 	/usr/lib/libMobileGestalt.dylib
0x00007fff6594a000 	/System/Library/PrivateFrameworks/TextureIO.framework/Versions/A/TextureIO
0x00007fff6bd30000 	/usr/lib/libate.dylib
0x00007fff59de0000 	/System/Library/PrivateFrameworks/InternationalSupport.framework/Versions/A/InternationalSupport
0x00007fff6e9c8000 	/usr/lib/system/libcache.dylib
0x00007fff6e9ce000 	/usr/lib/system/libcommonCrypto.dylib
0x00007fff6e9da000 	/usr/lib/system/libcompiler_rt.dylib
0x00007fff6e9e2000 	/usr/lib/system/libcopyfile.dylib
0x00007fff6e9ec000 	/usr/lib/system/libcorecrypto.dylib
0x00007fff6eb8b000 	/usr/lib/system/libdispatch.dylib
0x00007fff6ebcc000 	/usr/lib/system/libdyld.dylib
0x00007fff6ec03000 	/usr/lib/system/libkeymgr.dylib
0x00007fff6ec11000 	/usr/lib/system/liblaunch.dylib
0x00007fff6ec12000 	/usr/lib/system/libmacho.dylib
0x00007fff6ec18000 	/usr/lib/system/libquarantine.dylib
0x00007fff6ec1b000 	/usr/lib/system/libremovefile.dylib
0x00007fff6ec1d000 	/usr/lib/system/libsystem_asl.dylib
0x00007fff6ec35000 	/usr/lib/system/libsystem_blocks.dylib
0x00007fff6ec36000 	/usr/lib/system/libsystem_c.dylib
0x00007fff6ecbe000 	/usr/lib/system/libsystem_configuration.dylib
0x00007fff6ecc2000 	/usr/lib/system/libsystem_coreservices.dylib
0x00007fff6ecc6000 	/usr/lib/system/libsystem_darwin.dylib
0x00007fff6eccf000 	/usr/lib/system/libsystem_dnssd.dylib
0x00007fff6ecd7000 	/usr/lib/system/libsystem_featureflags.dylib
0x00007fff6ecd9000 	/usr/lib/system/libsystem_info.dylib
0x00007fff6ed54000 	/usr/lib/system/libsystem_m.dylib
0x00007fff6ed9c000 	/usr/lib/system/libsystem_malloc.dylib
0x00007fff6edc4000 	/usr/lib/system/libsystem_networkextension.dylib
0x00007fff6edd2000 	/usr/lib/system/libsystem_notify.dylib
0x00007fff6edf0000 	/usr/lib/system/libsystem_sandbox.dylib
0x00007fff6edf5000 	/usr/lib/system/libsystem_secinit.dylib
0x00007fff6ed27000 	/usr/lib/system/libsystem_kernel.dylib
0x00007fff6eddc000 	/usr/lib/system/libsystem_platform.dylib
0x00007fff6ede5000 	/usr/lib/system/libsystem_pthread.dylib
0x00007fff6edf8000 	/usr/lib/system/libsystem_symptoms.dylib
0x00007fff6ee00000 	/usr/lib/system/libsystem_trace.dylib
0x00007fff6ee18000 	/usr/lib/system/libunwind.dylib
0x00007fff6ee1e000 	/usr/lib/system/libxpc.dylib
0x00007fff6bf04000 	/usr/lib/libc++abi.dylib
0x00007fff6cd08000 	/usr/lib/liblzma.5.dylib
0x00007fff6c983000 	/usr/lib/libfakelink.dylib
0x00007fff6bcbd000 	/usr/lib/libarchive.2.dylib
0x00007fff424d1000 	/System/Library/Frameworks/SystemConfiguration.framework/Versions/A/SystemConfiguration
0x00007fff6b628000 	/usr/lib/libCRFSuite.dylib
0x00007fff33338000 	/System/Library/Frameworks/CFNetwork.framework/Versions/A/CFNetwork
0x00007fff6be93000 	/usr/lib/libbsm.0.dylib
0x00007fff6ec04000 	/usr/lib/system/libkxld.dylib
0x00007fff48410000 	/System/Library/PrivateFrameworks/AppleFSCompression.framework/Versions/A/AppleFSCompression
0x00007fff6c21e000 	/usr/lib/libcoretls.dylib
0x00007fff6c235000 	/usr/lib/libcoretls_cfhelpers.dylib
0x00007fff6da71000 	/usr/lib/libpam.2.dylib
0x00007fff6dba6000 	/usr/lib/libsqlite3.dylib
0x00007fff6dfe5000 	/usr/lib/libxar.1.dylib
0x00007fff6bea4000 	/usr/lib/libbz2.1.0.dylib
0x00007fff6c9a4000 	/usr/lib/libiconv.2.dylib
0x00007fff6bf1a000 	/usr/lib/libcharset.1.dylib
0x00007fff6d50e000 	/usr/lib/libnetwork.dylib
0x00007fff6da78000 	/usr/lib/libpcap.A.dylib
0x00007fff6bc72000 	/usr/lib/libapple_nghttp2.dylib
0x00007fff36268000 	/System/Library/Frameworks/CoreServices.framework/Versions/A/Frameworks/FSEvents.framework/Versions/A/FSEvents
0x00007fff35f38000 	/System/Library/Frameworks/CoreServices.framework/Versions/A/Frameworks/CarbonCore.framework/Versions/A/CarbonCore
0x00007fff364ac000 	/System/Library/Frameworks/CoreServices.framework/Versions/A/Frameworks/Metadata.framework/Versions/A/Metadata
0x00007fff36545000 	/System/Library/Frameworks/CoreServices.framework/Versions/A/Frameworks/OSServices.framework/Versions/A/OSServices
0x00007fff36573000 	/System/Library/Frameworks/CoreServices.framework/Versions/A/Frameworks/SearchKit.framework/Versions/A/SearchKit
0x00007fff35eb2000 	/System/Library/Frameworks/CoreServices.framework/Versions/A/Frameworks/AE.framework/Versions/A/AE
0x00007fff36271000 	/System/Library/Frameworks/CoreServices.framework/Versions/A/Frameworks/LaunchServices.framework/Versions/A/LaunchServices
0x00007fff3621a000 	/System/Library/Frameworks/CoreServices.framework/Versions/A/Frameworks/DictionaryServices.framework/Versions/A/DictionaryServices
0x00007fff365db000 	/System/Library/Frameworks/CoreServices.framework/Versions/A/Frameworks/SharedFileList.framework/Versions/A/SharedFileList
0x00007fff3b46c000 	/System/Library/Frameworks/NetFS.framework/Versions/A/NetFS
0x00007fff5c17f000 	/System/Library/PrivateFrameworks/NetAuth.framework/Versions/A/NetAuth
0x00007fff68b08000 	/System/Library/PrivateFrameworks/login.framework/Versions/A/Frameworks/loginsupport.framework/Versions/A/loginsupport
0x00007fff65415000 	/System/Library/PrivateFrameworks/TCC.framework/Versions/A/TCC
0x00007fff4d041000 	/System/Library/PrivateFrameworks/CoreNLP.framework/Versions/A/CoreNLP
0x00007fff5b654000 	/System/Library/PrivateFrameworks/MetadataUtilities.framework/Versions/A/MetadataUtilities
0x00007fff6cde0000 	/usr/lib/libmecabra.dylib
0x00007fff6cd38000 	/usr/lib/libmecab.dylib
0x00007fff6c994000 	/usr/lib/libgermantok.dylib
0x00007fff6bc59000 	/usr/lib/libThaiTokenizer.dylib
0x00007fff6b65f000 	/usr/lib/libChineseTokenizer.dylib
0x00007fff30768000 	/System/Library/Frameworks/Accelerate.framework/Versions/A/Frameworks/vImage.framework/Versions/A/vImage
0x00007fff31bd2000 	/System/Library/Frameworks/Accelerate.framework/Versions/A/Frameworks/vecLib.framework/Versions/A/vecLib
0x00007fff31b0f000 	/System/Library/Frameworks/Accelerate.framework/Versions/A/Frameworks/vecLib.framework/Versions/A/libvMisc.dylib
0x00007fff31937000 	/System/Library/Frameworks/Accelerate.framework/Versions/A/Frameworks/vecLib.framework/Versions/A/libvDSP.dylib
0x00007fff30dbf000 	/System/Library/Frameworks/Accelerate.framework/Versions/A/Frameworks/vecLib.framework/Versions/A/libBLAS.dylib
0x00007fff314fb000 	/System/Library/Frameworks/Accelerate.framework/Versions/A/Frameworks/vecLib.framework/Versions/A/libLAPACK.dylib
0x00007fff31897000 	/System/Library/Frameworks/Accelerate.framework/Versions/A/Frameworks/vecLib.framework/Versions/A/libLinearAlgebra.dylib
0x00007fff31924000 	/System/Library/Frameworks/Accelerate.framework/Versions/A/Frameworks/vecLib.framework/Versions/A/libSparseBLAS.dylib
0x00007fff318ad000 	/System/Library/Frameworks/Accelerate.framework/Versions/A/Frameworks/vecLib.framework/Versions/A/libQuadrature.dylib
0x00007fff31027000 	/System/Library/Frameworks/Accelerate.framework/Versions/A/Frameworks/vecLib.framework/Versions/A/libBNNS.dylib
0x00007fff318b3000 	/System/Library/Frameworks/Accelerate.framework/Versions/A/Frameworks/vecLib.framework/Versions/A/libSparse.dylib
0x00007fff5a1c8000 	/System/Library/PrivateFrameworks/LanguageModeling.framework/Versions/A/LanguageModeling
0x00007fff4c9f1000 	/System/Library/PrivateFrameworks/CoreEmoji.framework/Versions/A/CoreEmoji
0x00007fff5a2e6000 	/System/Library/PrivateFrameworks/LinguisticData.framework/Versions/A/LinguisticData
0x00007fff5a297000 	/System/Library/PrivateFrameworks/Lexicon.framework/Versions/A/Lexicon
0x00007fff6bf1b000 	/usr/lib/libcmph.dylib
0x00007fff3e05b000 	/System/Library/Frameworks/OpenDirectory.framework/Versions/A/Frameworks/CFOpenDirectory.framework/Versions/A/CFOpenDirectory
0x00007fff3e078000 	/System/Library/Frameworks/OpenDirectory.framework/Versions/A/OpenDirectory
0x00007fff464bb000 	/System/Library/PrivateFrameworks/APFS.framework/Versions/A/APFS
0x00007fff4176a000 	/System/Library/Frameworks/SecurityFoundation.framework/Versions/A/SecurityFoundation
0x00007fff6dfe1000 	/usr/lib/libutil.dylib
0x00007fff4df26000 	/System/Library/PrivateFrameworks/CoreServicesStore.framework/Versions/A/CoreServicesStore
0x00007fff41821000 	/System/Library/Frameworks/ServiceManagement.framework/Versions/A/ServiceManagement
0x00007fff49be0000 	/System/Library/PrivateFrameworks/BackgroundTaskManagement.framework/Versions/A/BackgroundTaskManagement
0x00007fff6e0de000 	/usr/lib/libxslt.1.dylib
0x00007fff48a83000 	/System/Library/PrivateFrameworks/AppleSystemInfo.framework/Versions/A/AppleSystemInfo
0x00007fff37c10000 	/System/Library/Frameworks/ImageIO.framework/Versions/A/Resources/libJPEG.dylib
0x00007fff37ecf000 	/System/Library/Frameworks/ImageIO.framework/Versions/A/Resources/libTIFF.dylib
0x00007fff37eb2000 	/System/Library/Frameworks/ImageIO.framework/Versions/A/Resources/libPng.dylib
0x00007fff37b52000 	/System/Library/Frameworks/ImageIO.framework/Versions/A/Resources/libGIF.dylib
0x00007fff37b56000 	/System/Library/Frameworks/ImageIO.framework/Versions/A/Resources/libJP2.dylib
0x00007fff37ecd000 	/System/Library/Frameworks/ImageIO.framework/Versions/A/Resources/libRadiance.dylib
0x00007fff6c95d000 	/usr/lib/libexpat.1.dylib
0x00007fff4856b000 	/System/Library/PrivateFrameworks/AppleJPEG.framework/Versions/A/AppleJPEG
0x00007fff5123c000 	/System/Library/PrivateFrameworks/FontServices.framework/libFontParser.dylib
0x00007fff67b0a000 	/System/Library/PrivateFrameworks/WatchdogClient.framework/Versions/A/WatchdogClient
0x00007fff59823000 	/System/Library/PrivateFrameworks/IOAccelerator.framework/Versions/A/IOAccelerator
0x00007fff3a3dc000 	/System/Library/Frameworks/MetalPerformanceShaders.framework/Versions/A/MetalPerformanceShaders
0x00007fff55fb9000 	/System/Library/PrivateFrameworks/GPUWrangler.framework/Versions/A/GPUWrangler
0x00007fff59838000 	/System/Library/PrivateFrameworks/IOPresentment.framework/Versions/A/IOPresentment
0x00007fff4eaa6000 	/System/Library/PrivateFrameworks/DSExternalDisplay.framework/Versions/A/DSExternalDisplay
0x00007fff3e9ec000 	/System/Library/Frameworks/OpenGL.framework/Versions/A/Libraries/libCoreFSCache.dylib
0x00007fff3a128000 	/System/Library/Frameworks/MetalPerformanceShaders.framework/Frameworks/MPSCore.framework/Versions/A/MPSCore
0x00007fff3a166000 	/System/Library/Frameworks/MetalPerformanceShaders.framework/Frameworks/MPSImage.framework/Versions/A/MPSImage
0x00007fff3a22d000 	/System/Library/Frameworks/MetalPerformanceShaders.framework/Frameworks/MPSNeuralNetwork.framework/Versions/A/MPSNeuralNetwork
0x00007fff3a1f1000 	/System/Library/Frameworks/MetalPerformanceShaders.framework/Frameworks/MPSMatrix.framework/Versions/A/MPSMatrix
0x00007fff3a38c000 	/System/Library/Frameworks/MetalPerformanceShaders.framework/Frameworks/MPSRayIntersector.framework/Versions/A/MPSRayIntersector
0x00007fff3a217000 	/System/Library/Frameworks/MetalPerformanceShaders.framework/Frameworks/MPSNDArray.framework/Versions/A/MPSNDArray
0x00007fff5b6a1000 	/System/Library/PrivateFrameworks/MetalTools.framework/Versions/A/MetalTools
0x00007fff47695000 	/System/Library/PrivateFrameworks/AggregateDictionary.framework/Versions/A/AggregateDictionary
0x00007fff4c439000 	/System/Library/PrivateFrameworks/CoreAnalytics.framework/Versions/A/CoreAnalytics
0x00007fff489a2000 	/System/Library/PrivateFrameworks/AppleSauce.framework/Versions/A/AppleSauce
0x00007fff6b91b000 	/usr/lib/libIOReport.dylib
0x00007fff36adc000 	/System/Library/Frameworks/CoreVideo.framework/Versions/A/CoreVideo
0x00007fff57432000 	/System/Library/PrivateFrameworks/GraphVisualizer.framework/Versions/A/GraphVisualizer
0x00007fff50782000 	/System/Library/PrivateFrameworks/FaceCore.framework/Versions/A/FaceCore
0x00007fff3e002000 	/System/Library/Frameworks/OpenCL.framework/Versions/A/OpenCL
0x00007fff6b73d000 	/usr/lib/libFosl_dynamic.dylib
0x00007fff5cb9f000 	/System/Library/PrivateFrameworks/OTSVG.framework/Versions/A/OTSVG
0x00007fff32c91000 	/System/Library/Frameworks/ApplicationServices.framework/Versions/A/Frameworks/ATS.framework/Versions/A/Resources/libFontRegistry.dylib
0x00007fff5140d000 	/System/Library/PrivateFrameworks/FontServices.framework/libhvf.dylib
0x00007fff3e9f7000 	/System/Library/Frameworks/OpenGL.framework/Versions/A/Libraries/libGFXShared.dylib
0x00007fff3ebd5000 	/System/Library/Frameworks/OpenGL.framework/Versions/A/Libraries/libGLU.dylib
0x00007fff3ea00000 	/System/Library/Frameworks/OpenGL.framework/Versions/A/Libraries/libGL.dylib
0x00007fff3ea0b000 	/System/Library/Frameworks/OpenGL.framework/Versions/A/Libraries/libGLImage.dylib
0x00007fff3e9e9000 	/System/Library/Frameworks/OpenGL.framework/Versions/A/Libraries/libCVMSPluginSupport.dylib
0x00007fff3e9f2000 	/System/Library/Frameworks/OpenGL.framework/Versions/A/Libraries/libCoreVMClient.dylib
0x00007fff6d3af000 	/usr/lib/libncurses.5.4.dylib
0x00007fff32b8d000 	/System/Library/Frameworks/ApplicationServices.framework/Versions/A/Frameworks/ATS.framework/Versions/A/ATS
0x00007fff32d5a000 	/System/Library/Frameworks/ApplicationServices.framework/Versions/A/Frameworks/ColorSyncLegacy.framework/Versions/A/ColorSyncLegacy
0x00007fff32df8000 	/System/Library/Frameworks/ApplicationServices.framework/Versions/A/Frameworks/HIServices.framework/Versions/A/HIServices
0x00007fff32e50000 	/System/Library/Frameworks/ApplicationServices.framework/Versions/A/Frameworks/LangAnalysis.framework/Versions/A/LangAnalysis
0x00007fff32e5f000 	/System/Library/Frameworks/ApplicationServices.framework/Versions/A/Frameworks/PrintCore.framework/Versions/A/PrintCore
0x00007fff32ea5000 	/System/Library/Frameworks/ApplicationServices.framework/Versions/A/Frameworks/QD.framework/Versions/A/QD
0x00007fff32eb0000 	/System/Library/Frameworks/ApplicationServices.framework/Versions/A/Frameworks/SpeechSynthesis.framework/Versions/A/SpeechSynthesis
0x00007fff32d2a000 	/System/Library/Frameworks/ApplicationServices.framework/Versions/A/Frameworks/ATSUI.framework/Versions/A/ATSUI
0x00007fff6c7f3000 	/usr/lib/libcups.2.dylib
0x00007fff39477000 	/System/Library/Frameworks/Kerberos.framework/Versions/A/Kerberos
0x00007fff375b8000 	/System/Library/Frameworks/GSS.framework/Versions/A/GSS
0x00007fff6db32000 	/usr/lib/libresolv.9.dylib
0x00007fff575df000 	/System/Library/PrivateFrameworks/Heimdal.framework/Versions/A/Heimdal
0x00007fff3948a000 	/System/Library/Frameworks/Kerberos.framework/Versions/A/Libraries/libHeimdalProxy.dylib
0x00007fff6c99a000 	/usr/lib/libheimdal-asn1.dylib
0x00007fff4b8d1000 	/System/Library/PrivateFrameworks/CommonAuth.framework/Versions/A/CommonAuth
0x00007fff48b20000 	/System/Library/PrivateFrameworks/AssertionServices.framework/Versions/A/AssertionServices
0x00007fff496c3000 	/System/Library/PrivateFrameworks/AudioToolboxCore.framework/Versions/A/AudioToolboxCore
0x00007fff687b8000 	/System/Library/PrivateFrameworks/caulk.framework/Versions/A/caulk
0x00007fff49c8c000 	/System/Library/PrivateFrameworks/BaseBoard.framework/Versions/A/BaseBoard
0x00007fff60e02000 	/System/Library/PrivateFrameworks/RunningBoardServices.framework/Versions/A/RunningBoardServices
0x00007fff5de13000 	/System/Library/PrivateFrameworks/PersistentConnection.framework/Versions/A/PersistentConnection
0x00007fff607fb000 	/System/Library/PrivateFrameworks/ProtocolBuffer.framework/Versions/A/ProtocolBuffer
0x00007fff4b8f5000 	/System/Library/PrivateFrameworks/CommonUtilities.framework/Versions/A/CommonUtilities
0x00007fff49e1a000 	/System/Library/PrivateFrameworks/Bom.framework/Versions/A/Bom
0x00007fff6b5ee000 	/usr/lib/libAudioToolboxUtility.dylib
0x00007fff49bea000 	/System/Library/PrivateFrameworks/Backup.framework/Versions/A/Backup
0x00007fff4e9c7000 	/System/Library/PrivateFrameworks/CrashReporterSupport.framework/Versions/A/CrashReporterSupport
0x00007fff62894000 	/System/Library/PrivateFrameworks/Sharing.framework/Versions/A/Sharing
0x00007fff4812e000 	/System/Library/PrivateFrameworks/Apple80211.framework/Versions/A/Apple80211
0x00007fff49907000 	/System/Library/PrivateFrameworks/AuthKit.framework/Versions/A/AuthKit
0x00007fff4e6d4000 	/System/Library/PrivateFrameworks/CoreUtils.framework/Versions/A/CoreUtils
0x00007fff36b21000 	/System/Library/Frameworks/CoreWLAN.framework/Versions/A/CoreWLAN
0x00007fff37745000 	/System/Library/Frameworks/IOBluetooth.framework/Versions/A/IOBluetooth
0x00007fff5b9ce000 	/System/Library/PrivateFrameworks/MobileKeyBag.framework/Versions/A/MobileKeyBag
0x00007fff4d4d9000 	/System/Library/PrivateFrameworks/CorePhoneNumbers.framework/Versions/A/CorePhoneNumbers
0x00007fff4851e000 	/System/Library/PrivateFrameworks/AppleIDAuthSupport.framework/Versions/A/AppleIDAuthSupport
0x00007fff3b479000 	/System/Library/Frameworks/Network.framework/Versions/A/Network
0x00007fff5a074000 	/System/Library/PrivateFrameworks/KeychainCircle.framework/Versions/A/KeychainCircle
0x00007fff34572000 	/System/Library/Frameworks/CoreBluetooth.framework/Versions/A/CoreBluetooth
0x00007fff64913000 	/System/Library/PrivateFrameworks/SpeechRecognitionCore.framework/Versions/A/SpeechRecognitionCore
0x0000000110400000 	/Applications/Android Studio.app/Contents/jre/jdk/Contents/Home/jre/lib/server/libjvm.dylib
0x00007fff6deb4000 	/usr/lib/libstdc++.6.dylib
0x000000010fab2000 	/Applications/Android Studio.app/Contents/jre/jdk/Contents/Home/jre/lib/libverify.dylib
0x000000010fac4000 	/Applications/Android Studio.app/Contents/jre/jdk/Contents/Home/jre/lib/libjava.dylib
0x000000010fb58000 	/Applications/Android Studio.app/Contents/jre/jdk/Contents/Home/jre/lib/libzip.dylib
0x000000010fba4000 	/Applications/Android Studio.app/Contents/jre/jdk/Contents/Home/jre/lib/libnio.dylib
0x000000010fbbf000 	/Applications/Android Studio.app/Contents/jre/jdk/Contents/Home/jre/lib/libnet.dylib
0x0000000117840000 	/Users/enter/.gradle/native/30/osx-amd64/libnative-platform.dylib
0x0000000117b7d000 	/Applications/Android Studio.app/Contents/jre/jdk/Contents/Home/jre/lib/libmanagement.dylib

VM Arguments:
jvm_args: -Xmx1536M -Dfile.encoding=UTF-8 -Duser.country=CA -Duser.language=en -Duser.variant 
java_command: org.gradle.launcher.daemon.bootstrap.GradleDaemon 5.6.2
java_class_path (initial): /Users/enter/.gradle/wrapper/dists/gradle-5.6.2-all/9st6wgf78h16so49nn74lgtbb/gradle-5.6.2/lib/gradle-launcher-5.6.2.jar
Launcher Type: SUN_STANDARD

Environment Variables:
JAVA_HOME=/Applications/Android Studio.app/Contents/jre/jdk/Contents/Home
PATH=/usr/local/bin:/usr/bin:/bin:/usr/sbin:/sbin:/Library/Apple/usr/bin:/Users/enter/Documents/FlutterSDK/bin
SHELL=/bin/zsh

Signal Handlers:
SIGSEGV: [libjvm.dylib+0x565c43], sa_mask[0]=11111111011111110111111111111111, sa_flags=SA_ONSTACK|SA_RESTART|SA_SIGINFO
SIGBUS: [libjvm.dylib+0x565c43], sa_mask[0]=11111111011111110111111111111111, sa_flags=SA_RESTART|SA_SIGINFO
SIGFPE: [libjvm.dylib+0x45dd9d], sa_mask[0]=11111111011111110111111111111111, sa_flags=SA_RESTART|SA_SIGINFO
SIGPIPE: [libjvm.dylib+0x45dd9d], sa_mask[0]=11111111011111110111111111111111, sa_flags=SA_RESTART|SA_SIGINFO
SIGXFSZ: [libjvm.dylib+0x45dd9d], sa_mask[0]=11111111011111110111111111111111, sa_flags=SA_RESTART|SA_SIGINFO
SIGILL: [libjvm.dylib+0x45dd9d], sa_mask[0]=11111111011111110111111111111111, sa_flags=SA_RESTART|SA_SIGINFO
SIGUSR1: SIG_DFL, sa_mask[0]=00000000000000000000000000000000, sa_flags=none
SIGUSR2: [libjvm.dylib+0x45e69c], sa_mask[0]=00100000000000000000010000000000, sa_flags=SA_RESTART|SA_SIGINFO
SIGHUP: [libjvm.dylib+0x45c8c1], sa_mask[0]=11111111011111110111111111111111, sa_flags=SA_RESTART|SA_SIGINFO
SIGINT: [libjvm.dylib+0x45c8c1], sa_mask[0]=11111111011111110111111111111111, sa_flags=SA_RESTART|SA_SIGINFO
SIGTERM: [libjvm.dylib+0x45c8c1], sa_mask[0]=11111111011111110111111111111111, sa_flags=SA_RESTART|SA_SIGINFO
SIGQUIT: [libjvm.dylib+0x45c8c1], sa_mask[0]=11111111011111110111111111111111, sa_flags=SA_RESTART|SA_SIGINFO


---------------  S Y S T E M  ---------------

OS:Bsduname:Darwin 19.6.0 Darwin Kernel Version 19.6.0: Mon Aug 31 22:12:52 PDT 2020; root:xnu-6153.141.2~1/RELEASE_X86_64 x86_64
rlimit: STACK 8192k, CORE 0k, NPROC 1392, NOFILE 10240, AS infinity
load average:58.56 52.48 36.20

CPU:total 4 (initial active 4) (4 cores per cpu, 1 threads per core) family 6 model 158 stepping 10, cmov, cx8, fxsr, mmx, sse, sse2, sse3, ssse3, sse4.1, sse4.2, popcnt, avx, avx2, aes, clmul, erms, 3dnowpref, lzcnt, tsc, tscinvbit, bmi1, bmi2, adx

Memory: 4k page, physical 8388608k(182964k free)

/proc/meminfo:


vm_info: OpenJDK 64-Bit Server VM (25.242-b3-6222593) for bsd-amd64 JRE (1.8.0_242-release-1644-b3-6222593), built by "android-build" with gcc 4.2.1 Compatible Android (5484270 based on r353983c) Clang 9.0.3 (https://android.googlesource.com/toolchain/clang 745b335211bb9eadfa6aa6301f84715cee4b37c5) (https://android.googlesource.com/toolchain/llvm 60cf23e54e46c807513f7a36d0a7b777920b5881)

time: Wed Sep 30 09:29:57 2020
timezone: PDT
elapsed time: 39 seconds (0d 0h 0m 39s)

